2025-11-28 17:51:27,780 [INFO] Activator:176 - 


2025-11-28 17:51:27,788 [INFO] Activator:177 - !SESSION log4j initialized
2025-11-28 17:51:35,576 [INFO] LogOutputStream:77 - [STDOUT_REDIRECT] 
2025-11-28 17:51:37,271 [ERROR] LogOutputStream:75 - [STDERR_REDIRECT] 
2025-11-28 17:51:41,253 [INFO] LogOutputStream:77 - [STDOUT_REDIRECT] 
2025-11-28 17:51:54,802 [INFO] ApplicationProperties:184 - Using Application install path: /Applications/STM32CubeIDE.app/Contents/Eclipse/plugins/com.st.stm32cube.common.mx_6.15.0.202507011659
2025-11-28 17:51:54,821 [INFO] DbMcusXml:78 - Set database path to: /Applications/STM32CubeIDE.app/Contents/Eclipse/plugins/com.st.stm32cube.common.mx_6.15.0.202507011659//db//mcu/
2025-11-28 17:51:54,822 [INFO] ApiDb:274 - Set plugin database path to: /Applications/STM32CubeIDE.app/Contents/Eclipse/plugins/com.st.stm32cube.common.mx_6.15.0.202507011659//db//plugins/boardmanager/
2025-11-28 17:51:54,822 [WARN] ApiDb:259 - Overriding images path with different value:  => /Applications/STM32CubeIDE.app/Contents/Eclipse/plugins/com.st.stm32cube.common.mx_6.15.0.202507011659//db//plugins/mcufinder/images/
2025-11-28 17:51:54,829 [INFO] ApiDb:250 - Set database path to: /Users/mc/.stmcufinder/plugins/mcufinder//mcu/
2025-11-28 17:51:54,830 [INFO] DbMcusAds:125 - Set database path to: /Users/mc/.stmcufinder/plugins/mcufinder//mcu/
2025-11-28 17:51:54,834 [INFO] CrossReferenceDbSqlite:203 - Set database path to: /Users/mc/.stmcufinder/plugins/mcufinder//mcu/cs/
2025-11-28 17:51:55,151 [INFO] RulesReader:64 - Compatibility file has been processed (317 Rules)
2025-11-28 17:51:55,262 [INFO] DbMcusXml:78 - Set database path to: /Applications/STM32CubeIDE.app/Contents/Eclipse/plugins/com.st.stm32cube.common.mx_6.15.0.202507011659//db//mcu/
2025-11-28 17:51:55,262 [INFO] ApiDb:274 - Set plugin database path to: /Applications/STM32CubeIDE.app/Contents/Eclipse/plugins/com.st.stm32cube.common.mx_6.15.0.202507011659//db//plugins/boardmanager/
2025-11-28 17:51:55,262 [INFO] ApiDb:261 - Set plugin images path to: /Applications/STM32CubeIDE.app/Contents/Eclipse/plugins/com.st.stm32cube.common.mx_6.15.0.202507011659//db//plugins/mcufinder/images/
2025-11-28 17:51:55,263 [WARN] DbFile:41 - Overriding database path with different value: /Users/mc/.stmcufinder/plugins/mcufinder/ => /Users/mc/.stmcufinder/plugins/mcufinder
2025-11-28 17:51:55,263 [INFO] ApiDb:250 - Set database path to: /Users/mc/.stmcufinder/plugins/mcufinder//mcu/
2025-11-28 17:51:55,263 [WARN] DbFile:41 - Overriding database path with different value: /Users/mc/.stmcufinder/plugins/mcufinder/ => /Users/mc/.stmcufinder/plugins/mcufinder
2025-11-28 17:51:55,263 [INFO] DbMcusAds:125 - Set database path to: /Users/mc/.stmcufinder/plugins/mcufinder//mcu/
2025-11-28 17:51:55,263 [WARN] DbFile:41 - Overriding database path with different value: /Users/mc/.stmcufinder/plugins/mcufinder/ => /Users/mc/.stmcufinder/plugins/mcufinder
2025-11-28 17:51:55,263 [WARN] DbFile:41 - Overriding database path with different value: /Users/mc/.stmcufinder/plugins/mcufinder/ => /Users/mc/.stmcufinder/plugins/mcufinder
2025-11-28 17:51:55,263 [INFO] CrossReferenceDbSqlite:203 - Set database path to: /Users/mc/.stmcufinder/plugins/mcufinder//mcu/cs/
2025-11-28 17:51:55,373 [INFO] MainPanel:274 - HeapMemory: 268435456
2025-11-28 17:51:56,862 [INFO] DbMcusXml:78 - Set database path to: /Applications/STM32CubeIDE.app/Contents/Eclipse/plugins/com.st.stm32cube.common.mx_6.15.0.202507011659//db//mcu/
2025-11-28 17:51:56,862 [INFO] ApiDb:274 - Set plugin database path to: /Applications/STM32CubeIDE.app/Contents/Eclipse/plugins/com.st.stm32cube.common.mx_6.15.0.202507011659//db//plugins/boardmanager/
2025-11-28 17:51:56,862 [INFO] ApiDb:261 - Set plugin images path to: /Applications/STM32CubeIDE.app/Contents/Eclipse/plugins/com.st.stm32cube.common.mx_6.15.0.202507011659//db//plugins/mcufinder/images/
2025-11-28 17:51:56,866 [WARN] DbFile:41 - Overriding database path with different value: /Users/mc/.stmcufinder/plugins/mcufinder/ => /Users/mc/.stmcufinder/plugins/mcufinder
2025-11-28 17:51:56,866 [INFO] ApiDb:250 - Set database path to: /Users/mc/.stmcufinder/plugins/mcufinder//mcu/
2025-11-28 17:51:56,866 [WARN] DbFile:41 - Overriding database path with different value: /Users/mc/.stmcufinder/plugins/mcufinder/ => /Users/mc/.stmcufinder/plugins/mcufinder
2025-11-28 17:51:56,866 [INFO] DbMcusAds:125 - Set database path to: /Users/mc/.stmcufinder/plugins/mcufinder//mcu/
2025-11-28 17:51:56,866 [WARN] DbFile:41 - Overriding database path with different value: /Users/mc/.stmcufinder/plugins/mcufinder/ => /Users/mc/.stmcufinder/plugins/mcufinder
2025-11-28 17:51:56,867 [WARN] DbFile:41 - Overriding database path with different value: /Users/mc/.stmcufinder/plugins/mcufinder/ => /Users/mc/.stmcufinder/plugins/mcufinder
2025-11-28 17:51:56,868 [INFO] CrossReferenceDbSqlite:203 - Set database path to: /Users/mc/.stmcufinder/plugins/mcufinder//mcu/cs/
2025-11-28 17:51:56,908 [INFO] ApplicationProperties:184 - Using Application install path: /Applications/STM32CubeIDE.app/Contents/Eclipse/plugins/com.st.stm32cube.common.mx_6.15.0.202507011659
2025-11-28 17:51:56,910 [INFO] PluginManage:196 - Search for loadable plugins [exclusion list=, ]
2025-11-28 17:51:56,912 [INFO] PluginManage:310 - Check plugin analytics
2025-11-28 17:51:57,352 [INFO] AnalyticsPlugin:253 - Accepted Software Licenses: STM32CubeMX.6.15.0,STM32CubeMX.6.16.0
2025-11-28 17:51:57,353 [INFO] AnalyticsPlugin:255 - Accepted CMSIS Pack Licenses: 
2025-11-28 17:51:57,353 [INFO] AnalyticsPlugin:257 - Accepted Firmware Licenses: FW.F4.1.28.0,FW.H7.1.12.0
2025-11-28 17:51:57,362 [INFO] PluginManage:359 - Loaded plugin analytics (category:tool,tabindex:-1)
2025-11-28 17:51:57,366 [INFO] PluginManage:310 - Check plugin cadmodel
2025-11-28 17:51:57,380 [INFO] CADModel:105 - Init CAD model plugin
2025-11-28 17:51:57,381 [INFO] PluginManage:359 - Loaded plugin cadmodel (category:power,tabindex:5)
2025-11-28 17:51:57,381 [INFO] PluginManage:310 - Check plugin clock
2025-11-28 17:51:57,404 [INFO] PluginManage:359 - Loaded plugin clock (category:base,tabindex:2)
2025-11-28 17:51:57,404 [INFO] PluginManage:310 - Check plugin ddr
2025-11-28 17:51:57,410 [INFO] PluginManage:359 - Loaded plugin ddr (category:tool,tabindex:6)
2025-11-28 17:51:57,411 [INFO] PluginManage:310 - Check plugin filemanager
2025-11-28 17:51:57,683 [INFO] PluginManage:359 - Loaded plugin filemanager (category:base,tabindex:10)
2025-11-28 17:51:57,684 [INFO] PluginManage:310 - Check plugin ipmanager
2025-11-28 17:51:57,699 [INFO] PluginManage:359 - Loaded plugin ipmanager (category:base,tabindex:5)
2025-11-28 17:51:57,702 [INFO] PluginManage:310 - Check plugin lpbam
2025-11-28 17:51:57,726 [INFO] PluginManage:359 - Loaded plugin lpbam (category:base,tabindex:0)
2025-11-28 17:51:57,727 [INFO] PluginManage:310 - Check plugin memorymap
2025-11-28 17:51:57,764 [INFO] PluginManage:359 - Loaded plugin memorymap (category:base,tabindex:4)
2025-11-28 17:51:57,765 [INFO] PluginManage:310 - Check plugin pinoutandconfiguration
2025-11-28 17:51:57,792 [INFO] PluginManage:359 - Loaded plugin pinoutandconfiguration (category:base,tabindex:1)
2025-11-28 17:51:57,793 [INFO] PluginManage:310 - Check plugin pinoutconfig
2025-11-28 17:51:57,973 [WARN] SupportedApi:132 - Cannot load RTOS API schema: s4s-elt-must-match.1: The content of 'definitions' must match (annotation?, (simpleType | complexType)?, (unique | key | keyref)*)). A problem was found starting at: attribute.
2025-11-28 17:51:58,165 [INFO] PluginManage:359 - Loaded plugin pinoutconfig (category:base,tabindex:0)
2025-11-28 17:51:58,165 [INFO] PluginManage:310 - Check plugin power
2025-11-28 17:51:58,179 [INFO] PluginManage:359 - Loaded plugin power (category:power,tabindex:4)
2025-11-28 17:51:58,179 [INFO] PluginManage:310 - Check plugin projectmanager
2025-11-28 17:51:58,232 [INFO] PluginManage:359 - Loaded plugin projectmanager (category:projectmanager,tabindex:4)
2025-11-28 17:51:58,233 [INFO] PluginManage:310 - Check plugin rif
2025-11-28 17:51:58,243 [INFO] PluginManage:359 - Loaded plugin rif (category:base,tabindex:3)
2025-11-28 17:51:58,244 [INFO] PluginManage:310 - Check plugin thirdparty
2025-11-28 17:51:58,466 [INFO] PluginManage:359 - Loaded plugin thirdparty (category:base,tabindex:-1)
2025-11-28 17:51:58,467 [INFO] PluginManage:310 - Check plugin tools
2025-11-28 17:51:58,466 [WARN] IntegrityCheckThread:84 - waiting for thirdparty lock release [integrity check]
2025-11-28 17:51:58,467 [INFO] IntegrityCheckThread:86 - entering critical section [integrity check]
2025-11-28 17:51:58,468 [INFO] ThirdPartyUpdaterWithRetryManager:70 - Updater plugin not ready yet. [1/15]
2025-11-28 17:51:58,469 [INFO] PluginManage:359 - Loaded plugin tools (category:base,tabindex:7)
2025-11-28 17:51:58,469 [INFO] PluginManage:310 - Check plugin tutovideos
2025-11-28 17:51:58,705 [INFO] PluginManage:359 - Loaded plugin tutovideos (category:base,tabindex:-1)
2025-11-28 17:51:58,706 [INFO] PluginManage:310 - Check plugin updater
2025-11-28 17:51:58,743 [INFO] PluginManage:359 - Loaded plugin updater (category:base,tabindex:12)
2025-11-28 17:51:58,744 [INFO] PluginManage:310 - Check plugin userauth
2025-11-28 17:51:58,750 [INFO] UserAuth:118 - Init User Auth plugin
2025-11-28 17:51:58,752 [INFO] PluginManage:359 - Loaded plugin userauth (category:base,tabindex:14)
2025-11-28 17:51:58,752 [INFO] PluginManage:283 - PluginManage : Loaded plugins [18]
2025-11-28 17:51:59,056 [INFO] PinOutPanel:1589 - setPackage(No Configuration,No Configuration)
2025-11-28 17:51:59,996 [INFO] CADModel:165 - CPN selected for project level
2025-11-28 17:52:00,000 [INFO] CADModel:114 - Register for checkConnection events
2025-11-28 17:52:00,045 [INFO] IPUIPlugin:80 - create IPUIPlugin
2025-11-28 17:52:00,046 [INFO] PluginManager:220 - loadIPPluginJar : add mdma
2025-11-28 17:52:00,061 [INFO] IPUIPlugin:80 - create IPUIPlugin
2025-11-28 17:52:00,062 [INFO] PluginManager:220 - loadIPPluginJar : add freertos
2025-11-28 17:52:00,070 [INFO] IPUIPlugin:80 - create IPUIPlugin
2025-11-28 17:52:00,071 [INFO] PluginManager:220 - loadIPPluginJar : add gic
2025-11-28 17:52:00,085 [INFO] IPUIPlugin:80 - create IPUIPlugin
2025-11-28 17:52:00,085 [INFO] PluginManager:220 - loadIPPluginJar : add adc
2025-11-28 17:52:00,088 [INFO] IPUIPlugin:80 - create IPUIPlugin
2025-11-28 17:52:00,088 [INFO] PluginManager:220 - loadIPPluginJar : add gtzc
2025-11-28 17:52:00,090 [INFO] IPUIPlugin:80 - create IPUIPlugin
2025-11-28 17:52:00,090 [INFO] PluginManager:220 - loadIPPluginJar : add quadspi
2025-11-28 17:52:00,093 [INFO] IPUIPlugin:80 - create IPUIPlugin
2025-11-28 17:52:00,093 [INFO] PluginManager:220 - loadIPPluginJar : add aes
2025-11-28 17:52:00,097 [INFO] IPUIPlugin:80 - create IPUIPlugin
2025-11-28 17:52:00,098 [INFO] PluginManager:220 - loadIPPluginJar : add pdm2pcm
2025-11-28 17:52:00,102 [INFO] IPUIPlugin:80 - create IPUIPlugin
2025-11-28 17:52:00,102 [INFO] PluginManager:220 - loadIPPluginJar : add hash
2025-11-28 17:52:00,104 [INFO] IPUIPlugin:80 - create IPUIPlugin
2025-11-28 17:52:00,104 [INFO] PluginManager:220 - loadIPPluginJar : add tim
2025-11-28 17:52:00,107 [INFO] IPUIPlugin:80 - create IPUIPlugin
2025-11-28 17:52:00,107 [INFO] PluginManager:220 - loadIPPluginJar : add tsc
2025-11-28 17:52:00,110 [INFO] IPUIPlugin:80 - create IPUIPlugin
2025-11-28 17:52:00,110 [INFO] PluginManager:220 - loadIPPluginJar : add extmemmanager
2025-11-28 17:52:00,112 [INFO] IPUIPlugin:80 - create IPUIPlugin
2025-11-28 17:52:00,112 [INFO] PluginManager:220 - loadIPPluginJar : add ts
2025-11-28 17:52:00,114 [INFO] IPUIPlugin:80 - create IPUIPlugin
2025-11-28 17:52:00,114 [INFO] PluginManager:220 - loadIPPluginJar : add radio
2025-11-28 17:52:00,117 [INFO] IPUIPlugin:80 - create IPUIPlugin
2025-11-28 17:52:00,117 [INFO] PluginManager:220 - loadIPPluginJar : add can
2025-11-28 17:52:00,122 [INFO] IPUIPlugin:80 - create IPUIPlugin
2025-11-28 17:52:00,123 [INFO] PluginManager:220 - loadIPPluginJar : add dma3
2025-11-28 17:52:00,126 [INFO] IPUIPlugin:80 - create IPUIPlugin
2025-11-28 17:52:00,126 [INFO] PluginManager:220 - loadIPPluginJar : add dfsdm
2025-11-28 17:52:00,131 [INFO] IPUIPlugin:80 - create IPUIPlugin
2025-11-28 17:52:00,132 [INFO] PluginManager:220 - loadIPPluginJar : add spi
2025-11-28 17:52:00,135 [INFO] IPUIPlugin:80 - create IPUIPlugin
2025-11-28 17:52:00,135 [INFO] PluginManager:220 - loadIPPluginJar : add gfxmmu
2025-11-28 17:52:00,137 [INFO] IPUIPlugin:80 - create IPUIPlugin
2025-11-28 17:52:00,138 [INFO] PluginManager:220 - loadIPPluginJar : add genericplugin
2025-11-28 17:52:00,140 [INFO] IPUIPlugin:80 - create IPUIPlugin
2025-11-28 17:52:00,140 [INFO] PluginManager:220 - loadIPPluginJar : add cryp
2025-11-28 17:52:00,145 [INFO] IPUIPlugin:80 - create IPUIPlugin
2025-11-28 17:52:00,146 [INFO] PluginManager:220 - loadIPPluginJar : add gpio
2025-11-28 17:52:00,151 [INFO] IPUIPlugin:80 - create IPUIPlugin
2025-11-28 17:52:00,152 [INFO] PluginManager:220 - loadIPPluginJar : add ddr_ctrl_phy
2025-11-28 17:52:00,155 [INFO] IPUIPlugin:80 - create IPUIPlugin
2025-11-28 17:52:00,155 [INFO] PluginManager:220 - loadIPPluginJar : add comp
2025-11-28 17:52:00,159 [INFO] IPUIPlugin:80 - create IPUIPlugin
2025-11-28 17:52:00,160 [INFO] PluginManager:220 - loadIPPluginJar : add tracer_emb
2025-11-28 17:52:00,163 [INFO] IPUIPlugin:80 - create IPUIPlugin
2025-11-28 17:52:00,163 [INFO] PluginManager:220 - loadIPPluginJar : add openamp
2025-11-28 17:52:00,170 [INFO] IPUIPlugin:80 - create IPUIPlugin
2025-11-28 17:52:00,170 [INFO] PluginManager:220 - loadIPPluginJar : add stm32_wpan
2025-11-28 17:52:00,176 [INFO] IPUIPlugin:80 - create IPUIPlugin
2025-11-28 17:52:00,199 [INFO] PluginManager:220 - loadIPPluginJar : add plateformsettings
2025-11-28 17:52:00,202 [INFO] IPUIPlugin:80 - create IPUIPlugin
2025-11-28 17:52:00,202 [INFO] PluginManager:220 - loadIPPluginJar : add ipddr
2025-11-28 17:52:00,205 [INFO] IPUIPlugin:80 - create IPUIPlugin
2025-11-28 17:52:00,205 [INFO] PluginManager:220 - loadIPPluginJar : add usart
2025-11-28 17:52:00,207 [INFO] IPUIPlugin:80 - create IPUIPlugin
2025-11-28 17:52:00,207 [INFO] PluginManager:220 - loadIPPluginJar : add ltdc
2025-11-28 17:52:00,209 [INFO] IPUIPlugin:80 - create IPUIPlugin
2025-11-28 17:52:00,210 [INFO] PluginManager:220 - loadIPPluginJar : add nvic
2025-11-28 17:52:00,210 [INFO] IPUIPlugin:80 - create IPUIPlugin
2025-11-28 17:52:00,210 [INFO] PluginManager:220 - loadIPPluginJar : add fatfs
2025-11-28 17:52:00,216 [INFO] IPUIPlugin:80 - create IPUIPlugin
2025-11-28 17:52:00,216 [INFO] PluginManager:220 - loadIPPluginJar : add linkedlist
2025-11-28 17:52:00,221 [INFO] IPUIPlugin:80 - create IPUIPlugin
2025-11-28 17:52:00,222 [INFO] PluginManager:220 - loadIPPluginJar : add dma
2025-11-28 17:52:00,226 [INFO] IPUIPlugin:80 - create IPUIPlugin
2025-11-28 17:52:00,226 [INFO] PluginManager:220 - loadIPPluginJar : add fmc
2025-11-28 17:52:00,228 [INFO] IPUIPlugin:80 - create IPUIPlugin
2025-11-28 17:52:00,228 [INFO] PluginManager:220 - loadIPPluginJar : add i2s
2025-11-28 17:52:00,230 [INFO] IPUIPlugin:80 - create IPUIPlugin
2025-11-28 17:52:00,231 [INFO] PluginManager:220 - loadIPPluginJar : add ucpd
2025-11-28 17:52:00,233 [INFO] IPUIPlugin:80 - create IPUIPlugin
2025-11-28 17:52:00,235 [INFO] PluginManager:220 - loadIPPluginJar : add lorawan
2025-11-28 17:52:00,238 [INFO] IPUIPlugin:80 - create IPUIPlugin
2025-11-28 17:52:00,238 [INFO] PluginManager:220 - loadIPPluginJar : add opamp
2025-11-28 17:52:00,240 [INFO] IPUIPlugin:80 - create IPUIPlugin
2025-11-28 17:52:00,240 [INFO] PluginManager:220 - loadIPPluginJar : add i3c
2025-11-28 17:52:00,243 [INFO] IPUIPlugin:80 - create IPUIPlugin
2025-11-28 17:52:00,243 [INFO] PluginManager:220 - loadIPPluginJar : add touchsensing
2025-11-28 17:52:00,246 [INFO] IPUIPlugin:80 - create IPUIPlugin
2025-11-28 17:52:00,246 [INFO] PluginManager:220 - loadIPPluginJar : add i2c
2025-11-28 17:52:00,248 [INFO] IPUIPlugin:80 - create IPUIPlugin
2025-11-28 17:52:00,248 [INFO] PluginManager:220 - loadIPPluginJar : add resmgrutility
2025-11-28 17:52:00,249 [INFO] IPUIPlugin:80 - create IPUIPlugin
2025-11-28 17:52:00,250 [INFO] PluginManager:220 - loadIPPluginJar : add sai
2025-11-28 17:52:00,252 [INFO] IPUIPlugin:80 - create IPUIPlugin
2025-11-28 17:52:00,252 [INFO] PluginManager:220 - loadIPPluginJar : add usbx
2025-11-28 17:52:00,406 [FATAL] Updater:351 - Updater called before beeing initialized
2025-11-28 17:52:00,507 [INFO] RulesReader:64 - Compatibility file has been processed (317 Rules)
2025-11-28 17:52:00,530 [INFO] RulesReader:64 - Compatibility file has been processed (317 Rules)
2025-11-28 17:52:00,549 [INFO] CADModel:165 - CPN selected for project level
2025-11-28 17:52:00,549 [INFO] CADModel:114 - Register for checkConnection events
2025-11-28 17:52:00,549 [FATAL] Updater:351 - Updater called before beeing initialized
2025-11-28 17:52:00,549 [ERROR] CADModel:125 - Updater not yet initialized, retry later 
2025-11-28 17:52:00,980 [FATAL] Updater:351 - Updater called before beeing initialized
2025-11-28 17:52:00,982 [INFO] CADModel:165 - CPN selected for project level
2025-11-28 17:52:00,982 [INFO] CADModel:114 - Register for checkConnection events
2025-11-28 17:52:00,982 [FATAL] Updater:351 - Updater called before beeing initialized
2025-11-28 17:52:00,982 [ERROR] CADModel:125 - Updater not yet initialized, retry later 
2025-11-28 17:52:00,987 [FATAL] Updater:351 - Updater called before beeing initialized
2025-11-28 17:52:01,191 [FATAL] Updater:351 - Updater called before beeing initialized
2025-11-28 17:52:01,199 [INFO] DbMcusAds:53 - JSON generation date=Tue Nov 25 21:08:32 WIB 2025 (1764079712287)
2025-11-28 17:52:01,200 [FATAL] Updater:351 - Updater called before beeing initialized
2025-11-28 17:52:01,472 [INFO] ThirdPartyUpdaterWithRetryManager:70 - Updater plugin not ready yet. [2/15]
2025-11-28 17:52:01,591 [WARN] DetailPanel:346 - Failed to get advertising image, set to default
2025-11-28 17:52:01,684 [FATAL] Updater:351 - Updater called before beeing initialized
2025-11-28 17:52:01,686 [FATAL] Updater:351 - Updater called before beeing initialized
2025-11-28 17:52:01,686 [FATAL] Updater:351 - Updater called before beeing initialized
2025-11-28 17:52:01,686 [WARN] DetailPanel:346 - Failed to get advertising image, set to default
2025-11-28 17:52:01,689 [FATAL] Updater:351 - Updater called before beeing initialized
2025-11-28 17:52:01,755 [ERROR] Updater:1198 - MainUpdater not yet initialized. External WinMGr cannot be set.
2025-11-28 17:52:01,770 [INFO] Updater:1134 - Updater Version found : 6.15.0
2025-11-28 17:52:01,791 [INFO] ApplicationProperties:184 - Using Application install path: /Applications/STM32CubeIDE.app/Contents/Eclipse/plugins/com.st.stm32cube.common.mx_6.15.0.202507011659
2025-11-28 17:52:01,877 [INFO] MainUpdater:525 - Copy updater definitions from MX database
2025-11-28 17:52:03,190 [INFO] MainUpdater:2872 - connection check result : 10
2025-11-28 17:52:03,190 [INFO] MainUpdater:3604 - Updater definition file requires update
2025-11-28 17:52:03,192 [INFO] MainUpdater:289 - Updater Check For Update Now.
2025-11-28 17:52:03,192 [INFO] MicroXplorer:498 - Change Database Version : DB.6.0.150
2025-11-28 17:52:03,204 [INFO] McuFinderGlobals:63 - Set McuFinder mode to 2 (CubeIDE integrated)
2025-11-28 17:52:03,205 [INFO] UserAuth:487 - Internet connection configuration mode: 1
2025-11-28 17:52:03,221 [INFO] JxBrowserEngine:152 - Initiate JxBrowser Engine with user profile folder
2025-11-28 17:52:03,683 [INFO] ServerAccessManage:452 - Complete download http(s) 200
2025-11-28 17:52:03,697 [INFO] ServerAccessManage:509 - Download File updaters.zip
2025-11-28 17:52:03,853 [INFO] FileExtend:248 - Unzip File : updaters.zip
2025-11-28 17:52:03,854 [INFO] FileExtend:263 - Standard Zip Deflate
2025-11-28 17:52:04,478 [WARN] MainUpdater:1193 - Updater busy. Cannot search thirdparties
2025-11-28 17:52:04,479 [INFO] ThirdPartyUpdaterWithRetryManager:96 - Updater plugin is busy. [1/15]
2025-11-28 17:52:04,529 [INFO] ServerAccessManage:452 - Complete download http(s) 200
2025-11-28 17:52:04,529 [INFO] ServerAccessManage:509 - Download File PacksControlFlags.xml
2025-11-28 17:52:04,761 [INFO] ServerAccessManage:452 - Complete download http(s) 200
2025-11-28 17:52:04,761 [INFO] ServerAccessManage:509 - Download File cubemx.pidx
2025-11-28 17:52:04,962 [INFO] LoadServerUpdatesThread:375 - End of LoadServerUpdate Thread
2025-11-28 17:52:05,345 [INFO] CheckServerUpdateThread:120 - End of CheckServer Thread
2025-11-28 17:52:07,702 [WARN] PackLoader:240 - Cannot read IP mode file for STMicroelectronics.FP-SNS-MOTENVWB1.1.4.0
2025-11-28 17:52:07,735 [WARN] PackLoader:240 - Cannot read IP mode file for STMicroelectronics.FP-ATR-ASTRA1.2.0.2
2025-11-28 17:52:07,754 [WARN] PackLoader:240 - Cannot read IP mode file for STMicroelectronics.X-CUBE-SMBUS.2.1.0
2025-11-28 17:52:07,797 [WARN] PackLoader:240 - Cannot read IP mode file for STMicroelectronics.X-CUBE-AZRTOS-F7.1.1.0
2025-11-28 17:52:07,825 [WARN] PackLoader:240 - Cannot read IP mode file for Cesanta.I-CUBE-Mongoose.7.19.0
2025-11-28 17:52:07,848 [WARN] PackLoader:240 - Cannot read IP mode file for STMicroelectronics.FP-SNS-MOTENV1.5.1.0
2025-11-28 17:52:07,986 [WARN] PackLoader:240 - Cannot read IP mode file for WES.I-CUBE-Cesium.1.4.0
2025-11-28 17:52:08,056 [WARN] PackLoader:240 - Cannot read IP mode file for Infineon.AIROC-Wi-Fi-Bluetooth-STM32.1.7.1
2025-11-28 17:52:08,159 [WARN] PackLoader:240 - Cannot read IP mode file for STMicroelectronics.X-CUBE-AZRTOS-H7.3.4.0
2025-11-28 17:52:08,208 [WARN] PackLoader:240 - Cannot read IP mode file for STMicroelectronics.X-CUBE-DISPLAY.3.0.0
2025-11-28 17:52:08,250 [WARN] PackLoader:240 - Cannot read IP mode file for STMicroelectronics.X-CUBE-NFC10.1.0.0
2025-11-28 17:52:08,280 [WARN] PackLoader:240 - Cannot read IP mode file for STMicroelectronics.X-CUBE-ST60.1.1.0
2025-11-28 17:52:08,296 [WARN] PackLoader:240 - Cannot read IP mode file for emotas.I-CUBE-CANOPEN.1.3.0
2025-11-28 17:52:08,311 [WARN] PackLoader:240 - Cannot read IP mode file for STMicroelectronics.X-CUBE-GNSS1.7.1.0
2025-11-28 17:52:08,328 [WARN] PackLoader:240 - Cannot read IP mode file for STMicroelectronics.FP-SNS-STBOX1.2.1.0
2025-11-28 17:52:08,345 [WARN] PackLoader:240 - Cannot read IP mode file for STMicroelectronics.FP-SNS-SMARTAG2.1.2.0
2025-11-28 17:52:08,355 [WARN] PackLoader:240 - Cannot read IP mode file for STMicroelectronics.FP-SNS-FLIGHT1.5.1.0
2025-11-28 17:52:08,368 [INFO] LogOutputStream:77 - [STDOUT_REDIRECT] 1 : Invalid condition id : UX_CORESTACK_Condition cause : null
2025-11-28 17:52:08,373 [INFO] LogOutputStream:77 - [STDOUT_REDIRECT] 1 : Invalid condition id : UX_CORESTACK_Condition cause : null
2025-11-28 17:52:08,373 [INFO] LogOutputStream:77 - [STDOUT_REDIRECT] 1 : Invalid condition id : UX_CORESTACK_Condition cause : null
2025-11-28 17:52:08,374 [INFO] LogOutputStream:77 - [STDOUT_REDIRECT] 1 : Invalid condition id : UX_CORESTACK_Condition cause : null
2025-11-28 17:52:08,374 [INFO] LogOutputStream:77 - [STDOUT_REDIRECT] 1 : Invalid condition id : UX_CORESTACK_Condition cause : null
2025-11-28 17:52:08,382 [WARN] PackLoader:240 - Cannot read IP mode file for STMicroelectronics.X-CUBE-AZRTOS-WL.2.0.0
2025-11-28 17:52:08,397 [WARN] PackLoader:240 - Cannot read IP mode file for STMicroelectronics.FP-SNS-MOTENV1.5.0.0
2025-11-28 17:52:08,454 [WARN] PackLoader:240 - Cannot read IP mode file for STMicroelectronics.X-CUBE-AZRTOS-H7RS.1.2.0
2025-11-28 17:52:08,470 [WARN] PackLoader:240 - Cannot read IP mode file for STMicroelectronics.X-CUBE-BLE2.3.3.0
2025-11-28 17:52:08,514 [WARN] PackLoader:240 - Cannot read IP mode file for STMicroelectronics.X-CUBE-NFC9.1.0.0
2025-11-28 17:52:08,522 [WARN] PackLoader:240 - Cannot read IP mode file for wolfSSL.I-CUBE-wolfSSL.5.8.2
2025-11-28 17:52:08,533 [WARN] PackLoader:240 - Cannot read IP mode file for STMicroelectronics.X-CUBE-BLE1.7.1.0
2025-11-28 17:52:08,538 [WARN] PackLoader:240 - Cannot read IP mode file for wolfSSL.I-CUBE-wolfMQTT.1.19.2
2025-11-28 17:52:08,550 [WARN] PackLoader:240 - Cannot read IP mode file for STMicroelectronics.X-CUBE-FREERTOS.1.4.0
2025-11-28 17:52:08,563 [WARN] PackLoader:240 - Cannot read IP mode file for STMicroelectronics.X-CUBE-EEPRMA1.5.2.0
2025-11-28 17:52:08,581 [WARN] PackLoader:240 - Cannot read IP mode file for STMicroelectronics.X-CUBE-ST67W61.1.1.0
2025-11-28 17:52:08,678 [WARN] PackLoader:240 - Cannot read IP mode file for STMicroelectronics.X-CUBE-MEMS1.12.0.0
2025-11-28 17:52:08,843 [WARN] PackLoader:240 - Cannot read IP mode file for STMicroelectronics.X-CUBE-AZRTOS-G0.1.1.0
2025-11-28 17:52:08,867 [WARN] PackLoader:240 - Cannot read IP mode file for STMicroelectronics.X-CUBE-SAFEA1.1.2.2
2025-11-28 17:52:08,878 [WARN] PackLoader:240 - Cannot read IP mode file for STMicroelectronics.X-CUBE-NFC4.3.0.0
2025-11-28 17:52:08,900 [WARN] PackLoader:240 - Cannot read IP mode file for EmbeddedOffice.I-CUBE-FS-RTOS.1.0.1
2025-11-28 17:52:08,911 [WARN] PackLoader:240 - Cannot read IP mode file for STMicroelectronics.X-CUBE-WB05N.2.0.0
2025-11-28 17:52:08,921 [WARN] PackLoader:240 - Cannot read IP mode file for wolfSSL.I-CUBE-wolfTPM.3.8.0
2025-11-28 17:52:08,929 [WARN] PackLoader:240 - Cannot read IP mode file for STMicroelectronics.X-CUBE-TCPP.4.2.0
2025-11-28 17:52:08,936 [WARN] PackLoader:240 - Cannot read IP mode file for RealThread.X-CUBE-RT-Thread_Nano.4.1.1
2025-11-28 17:52:08,946 [WARN] PackLoader:240 - Cannot read IP mode file for STMicroelectronics.FP-ATR-SIGFOX1.3.2.0
2025-11-28 17:52:08,957 [WARN] PackLoader:240 - Cannot read IP mode file for ITTIA_DB.I-CUBE-ITTIADB.8.9.0
2025-11-28 17:52:08,965 [WARN] PackLoader:240 - Cannot read IP mode file for STMicroelectronics.X-CUBE-AI.10.2.0
2025-11-28 17:52:09,026 [WARN] PackLoader:240 - Cannot read IP mode file for SEGGER.I-CUBE-embOS.1.3.1
2025-11-28 17:52:09,086 [WARN] PackLoader:240 - Cannot read IP mode file for STMicroelectronics.X-CUBE-ALGOBUILD.1.4.0
2025-11-28 17:52:09,182 [WARN] PackLoader:240 - Cannot read IP mode file for STMicroelectronics.X-CUBE-MEMS1.11.3.0
2025-11-28 17:52:09,328 [WARN] PackLoader:240 - Cannot read IP mode file for STMicroelectronics.X-CUBE-PM33A1.1.0.0
2025-11-28 17:52:09,360 [WARN] PackLoader:240 - Cannot read IP mode file for STMicroelectronics.X-CUBE-AZRTOS-F4.1.1.0
2025-11-28 17:52:09,377 [WARN] PackLoader:240 - Cannot read IP mode file for STMicroelectronics.X-CUBE-ISPU.2.1.0
2025-11-28 17:52:09,394 [WARN] PackLoader:240 - Cannot read IP mode file for STMicroelectronics.X-CUBE-IPS.3.2.0
2025-11-28 17:52:09,415 [WARN] PackLoader:240 - Cannot read IP mode file for STMicroelectronics.X-CUBE-NFC12.1.0.0
2025-11-28 17:52:09,448 [WARN] PackLoader:240 - Cannot read IP mode file for STMicroelectronics.X-CUBE-AZRTOS-L5.2.0.0
2025-11-28 17:52:09,463 [WARN] PackLoader:240 - Cannot read IP mode file for STMicroelectronics.X-CUBE-NFC6.3.1.0
2025-11-28 17:52:09,479 [WARN] PackLoader:240 - Cannot read IP mode file for STMicroelectronics.X-CUBE-FREERTOS.1.3.1
2025-11-28 17:52:09,484 [WARN] PackLoader:240 - Cannot read IP mode file for STMicroelectronics.X-CUBE-TOUCHGFX.4.26.0
2025-11-28 17:52:09,489 [WARN] PackLoader:240 - Cannot read IP mode file for STMicroelectronics.FP-SNS-STAIOTCFT.1.0.0
2025-11-28 17:52:09,501 [WARN] PackLoader:240 - Cannot read IP mode file for STMicroelectronics.X-CUBE-DPower.1.3.0
2025-11-28 17:52:09,529 [WARN] ConditionMgr:438 - getConditionDescription Invalid condition id : LAN8742 Phy interface Condition cause : null
2025-11-28 17:52:09,531 [WARN] PackLoader:240 - Cannot read IP mode file for STMicroelectronics.X-CUBE-AZRTOS-L4.2.0.0
2025-11-28 17:52:09,535 [WARN] ConditionMgr:1044 - genDependencies : Invalid condition id : LAN8742 Phy interface Condition cause : null
2025-11-28 17:52:09,536 [WARN] ConditionMgr:1044 - genDependencies : Invalid condition id : LAN8742 Phy interface Condition cause : null
2025-11-28 17:52:09,537 [WARN] ConditionMgr:1044 - genDependencies : Invalid condition id : LAN8742 Phy interface Condition cause : null
2025-11-28 17:52:09,549 [WARN] PackLoader:240 - Cannot read IP mode file for STMicroelectronics.X-CUBE-SFXS2LP1.4.0.0
2025-11-28 17:52:09,573 [WARN] PackLoader:240 - Cannot read IP mode file for STMicroelectronics.X-CUBE-BLEMGR.4.1.0
2025-11-28 17:52:09,604 [WARN] ConditionMgr:438 - getConditionDescription Invalid condition id : UX DEVICE CLASS RTOS Condition cause : null
2025-11-28 17:52:09,604 [WARN] ConditionMgr:438 - getConditionDescription Invalid condition id : UX DEVICE CLASS RTOS Condition cause : null
2025-11-28 17:52:09,610 [WARN] PackLoader:240 - Cannot read IP mode file for STMicroelectronics.X-CUBE-AZRTOS-WB.2.0.0
2025-11-28 17:52:09,611 [WARN] ConditionMgr:1044 - genDependencies : Invalid condition id : UX DEVICE CLASS RTOS Condition cause : null
2025-11-28 17:52:09,611 [WARN] ConditionMgr:1044 - genDependencies : Invalid condition id : UX DEVICE CLASS RTOS Condition cause : null
2025-11-28 17:52:09,612 [WARN] ConditionMgr:1044 - genDependencies : Invalid condition id : UX DEVICE CLASS RTOS Condition cause : null
2025-11-28 17:52:09,613 [WARN] ConditionMgr:1044 - genDependencies : Invalid condition id : UX DEVICE CLASS RTOS Condition cause : null
2025-11-28 17:52:09,614 [WARN] ConditionMgr:1044 - genDependencies : Invalid condition id : UX DEVICE CLASS RTOS Condition cause : null
2025-11-28 17:52:09,620 [WARN] PackLoader:240 - Cannot read IP mode file for STMicroelectronics.X-CUBE-GNSS1.7.0.1
2025-11-28 17:52:09,626 [WARN] ConditionMgr:438 - getConditionDescription Invalid condition id : Cortex-A Device cause : null
2025-11-28 17:52:09,639 [WARN] ConditionMgr:1044 - genDependencies : Invalid condition id : Cortex-A Device cause : null
2025-11-28 17:52:09,639 [WARN] ConditionMgr:1044 - genDependencies : Invalid condition id : Cortex-A Device cause : null
2025-11-28 17:52:09,639 [WARN] ConditionMgr:1044 - genDependencies : Invalid condition id : Cortex-A Device cause : null
2025-11-28 17:52:09,707 [WARN] PackLoader:240 - Cannot read IP mode file for STMicroelectronics.X-CUBE-SUBG2.5.0.0
2025-11-28 17:52:09,760 [WARN] PackLoader:240 - Cannot read IP mode file for STMicroelectronics.X-CUBE-AZRTOS-H7RS.1.1.0
2025-11-28 17:52:09,787 [WARN] PackLoader:240 - Cannot read IP mode file for STMicroelectronics.X-CUBE-AZRTOS-G4.2.0.0
2025-11-28 17:52:09,795 [WARN] PackLoader:240 - Cannot read IP mode file for wolfSSL.I-CUBE-wolfSSH.1.4.20
2025-11-28 17:52:09,804 [WARN] PackLoader:240 - Cannot read IP mode file for STMicroelectronics.X-CUBE-NFC7.2.0.0
2025-11-28 17:52:09,811 [WARN] PackLoader:240 - Cannot read IP mode file for STMicroelectronics.X-CUBE-ALS.1.0.2
2025-11-28 17:52:09,824 [WARN] PackLoader:240 - Cannot read IP mode file for STMicroelectronics.X-CUBE-STSE01.1.0.0
2025-11-28 17:52:09,851 [WARN] PackLoader:240 - Cannot read IP mode file for STMicroelectronics.X-CUBE-TOF1.3.4.3
2025-11-28 17:52:09,891 [INFO] ThirdParty:978 - Integrity check success = true
2025-11-28 17:52:09,891 [INFO] IntegrityCheckThread:100 - exiting critical section [integrity check]
2025-11-28 17:52:09,891 [INFO] IntegrityCheckThread:103 - End integrity checks thread
2025-11-28 17:53:11,360 [INFO] WebApp:169 - Instantiating new browser for Auth
2025-11-28 17:53:13,777 [INFO] WebApp:463 - Apply proxy settings
2025-11-28 17:53:13,824 [INFO] WebApp:508 - Chromium authenticates against Manually configured proxy
2025-11-28 17:53:13,851 [INFO] WebApp:516 - Username used for proxy authentication: 
2025-11-28 17:53:13,912 [INFO] WebApp:900 - Register for checkConnection events
2025-11-28 17:53:13,913 [INFO] WebApp:463 - Apply proxy settings
2025-11-28 17:53:13,916 [INFO] WebApp:508 - Chromium authenticates against Manually configured proxy
2025-11-28 17:53:13,917 [INFO] WebApp:516 - Username used for proxy authentication: 
2025-11-28 17:53:14,205 [INFO] WebApp:225 - Starting web application
2025-11-28 17:53:14,205 [INFO] WebApp:593 - Web application path used /Applications/STM32CubeIDE.app/Contents/Eclipse/plugins/com.st.stm32cube.common.mx_6.15.0.202507011659/db/plugins/mcufinder/reactClient1/index.html
2025-11-28 17:53:14,654 [INFO] WebApp:191 - Connection restablished
2025-11-28 17:53:15,340 [INFO] UserAuth:487 - Internet connection configuration mode: 1
2025-11-28 17:55:32,450 [ERROR] ConfigurationRetriever:142 - IOException on connection: Read timed out
2025-11-28 17:55:35,499 [ERROR] LogOutputStream:75 - [STDERR_REDIRECT] 
2025-11-28 19:55:28,288 [INFO] Activator:176 - 


2025-11-28 19:55:28,290 [INFO] Activator:177 - !SESSION log4j initialized
2025-11-28 19:55:44,273 [INFO] LogOutputStream:77 - [STDOUT_REDIRECT] 
2025-11-28 20:49:15,761 [ERROR] LogOutputStream:75 - [STDERR_REDIRECT] 
2025-11-28 20:49:31,993 [INFO] LogOutputStream:77 - [STDOUT_REDIRECT] StartTraceHandler.execute(), success : Collect=false
2025-11-28 20:49:35,357 [INFO] LogOutputStream:77 - [STDOUT_REDIRECT] StartTraceHandler.execute(), success : Collect=true
2025-11-28 21:00:29,542 [ERROR] AdobePublisher:162 - Exception while opening the connection: java.net.SocketTimeoutException: Read timed out
