2025-11-21 06:53:03,837 [ERROR] ConfigurationRetriever:142 - IOException on connection: Read timed out
2025-11-21 06:53:07,677 [ERROR] ConfigurationRetriever:142 - IOException on connection: Read timed out
2025-11-21 06:53:11,658 [ERROR] LogOutputStream:75 - [STDERR_REDIRECT] 
2025-11-21 07:41:28,681 [INFO] Activator:176 - 


2025-11-21 07:41:28,683 [INFO] Activator:177 - !SESSION log4j initialized
2025-11-21 07:41:37,658 [INFO] LogOutputStream:77 - [STDOUT_REDIRECT] 
2025-11-21 07:41:38,312 [ERROR] LogOutputStream:75 - [STDERR_REDIRECT] 
2025-11-21 07:41:42,995 [INFO] LogOutputStream:77 - [STDOUT_REDIRECT] 
2025-11-21 07:41:46,922 [INFO] ApplicationProperties:184 - Using Application install path: /Applications/STM32CubeIDE.app/Contents/Eclipse/plugins/com.st.stm32cube.common.mx_6.15.0.202507011659
2025-11-21 07:41:46,942 [INFO] DbMcusXml:78 - Set database path to: /Applications/STM32CubeIDE.app/Contents/Eclipse/plugins/com.st.stm32cube.common.mx_6.15.0.202507011659//db//mcu/
2025-11-21 07:41:46,943 [INFO] ApiDb:274 - Set plugin database path to: /Applications/STM32CubeIDE.app/Contents/Eclipse/plugins/com.st.stm32cube.common.mx_6.15.0.202507011659//db//plugins/boardmanager/
2025-11-21 07:41:46,944 [WARN] ApiDb:259 - Overriding images path with different value:  => /Applications/STM32CubeIDE.app/Contents/Eclipse/plugins/com.st.stm32cube.common.mx_6.15.0.202507011659//db//plugins/mcufinder/images/
2025-11-21 07:41:46,953 [INFO] ApiDb:250 - Set database path to: /Users/mc/.stmcufinder/plugins/mcufinder//mcu/
2025-11-21 07:41:46,955 [INFO] DbMcusAds:125 - Set database path to: /Users/mc/.stmcufinder/plugins/mcufinder//mcu/
2025-11-21 07:41:46,956 [INFO] CrossReferenceDbSqlite:203 - Set database path to: /Users/mc/.stmcufinder/plugins/mcufinder//mcu/cs/
2025-11-21 07:41:47,150 [INFO] RulesReader:64 - Compatibility file has been processed (317 Rules)
2025-11-21 07:41:47,233 [INFO] DbMcusXml:78 - Set database path to: /Applications/STM32CubeIDE.app/Contents/Eclipse/plugins/com.st.stm32cube.common.mx_6.15.0.202507011659//db//mcu/
2025-11-21 07:41:47,233 [INFO] ApiDb:274 - Set plugin database path to: /Applications/STM32CubeIDE.app/Contents/Eclipse/plugins/com.st.stm32cube.common.mx_6.15.0.202507011659//db//plugins/boardmanager/
2025-11-21 07:41:47,234 [INFO] ApiDb:261 - Set plugin images path to: /Applications/STM32CubeIDE.app/Contents/Eclipse/plugins/com.st.stm32cube.common.mx_6.15.0.202507011659//db//plugins/mcufinder/images/
2025-11-21 07:41:47,234 [WARN] DbFile:41 - Overriding database path with different value: /Users/mc/.stmcufinder/plugins/mcufinder/ => /Users/mc/.stmcufinder/plugins/mcufinder
2025-11-21 07:41:47,234 [INFO] ApiDb:250 - Set database path to: /Users/mc/.stmcufinder/plugins/mcufinder//mcu/
2025-11-21 07:41:47,234 [WARN] DbFile:41 - Overriding database path with different value: /Users/mc/.stmcufinder/plugins/mcufinder/ => /Users/mc/.stmcufinder/plugins/mcufinder
2025-11-21 07:41:47,235 [INFO] DbMcusAds:125 - Set database path to: /Users/mc/.stmcufinder/plugins/mcufinder//mcu/
2025-11-21 07:41:47,235 [WARN] DbFile:41 - Overriding database path with different value: /Users/mc/.stmcufinder/plugins/mcufinder/ => /Users/mc/.stmcufinder/plugins/mcufinder
2025-11-21 07:41:47,235 [WARN] DbFile:41 - Overriding database path with different value: /Users/mc/.stmcufinder/plugins/mcufinder/ => /Users/mc/.stmcufinder/plugins/mcufinder
2025-11-21 07:41:47,235 [INFO] CrossReferenceDbSqlite:203 - Set database path to: /Users/mc/.stmcufinder/plugins/mcufinder//mcu/cs/
2025-11-21 07:41:47,330 [INFO] MainPanel:274 - HeapMemory: 268435456
2025-11-21 07:41:47,896 [INFO] DbMcusXml:78 - Set database path to: /Applications/STM32CubeIDE.app/Contents/Eclipse/plugins/com.st.stm32cube.common.mx_6.15.0.202507011659//db//mcu/
2025-11-21 07:41:47,897 [INFO] ApiDb:274 - Set plugin database path to: /Applications/STM32CubeIDE.app/Contents/Eclipse/plugins/com.st.stm32cube.common.mx_6.15.0.202507011659//db//plugins/boardmanager/
2025-11-21 07:41:47,897 [INFO] ApiDb:261 - Set plugin images path to: /Applications/STM32CubeIDE.app/Contents/Eclipse/plugins/com.st.stm32cube.common.mx_6.15.0.202507011659//db//plugins/mcufinder/images/
2025-11-21 07:41:47,897 [WARN] DbFile:41 - Overriding database path with different value: /Users/mc/.stmcufinder/plugins/mcufinder/ => /Users/mc/.stmcufinder/plugins/mcufinder
2025-11-21 07:41:47,898 [INFO] ApiDb:250 - Set database path to: /Users/mc/.stmcufinder/plugins/mcufinder//mcu/
2025-11-21 07:41:47,898 [WARN] DbFile:41 - Overriding database path with different value: /Users/mc/.stmcufinder/plugins/mcufinder/ => /Users/mc/.stmcufinder/plugins/mcufinder
2025-11-21 07:41:47,898 [INFO] DbMcusAds:125 - Set database path to: /Users/mc/.stmcufinder/plugins/mcufinder//mcu/
2025-11-21 07:41:47,898 [WARN] DbFile:41 - Overriding database path with different value: /Users/mc/.stmcufinder/plugins/mcufinder/ => /Users/mc/.stmcufinder/plugins/mcufinder
2025-11-21 07:41:47,898 [WARN] DbFile:41 - Overriding database path with different value: /Users/mc/.stmcufinder/plugins/mcufinder/ => /Users/mc/.stmcufinder/plugins/mcufinder
2025-11-21 07:41:47,898 [INFO] CrossReferenceDbSqlite:203 - Set database path to: /Users/mc/.stmcufinder/plugins/mcufinder//mcu/cs/
2025-11-21 07:41:47,921 [INFO] ApplicationProperties:184 - Using Application install path: /Applications/STM32CubeIDE.app/Contents/Eclipse/plugins/com.st.stm32cube.common.mx_6.15.0.202507011659
2025-11-21 07:41:47,922 [INFO] PluginManage:196 - Search for loadable plugins [exclusion list=, ]
2025-11-21 07:41:47,924 [INFO] PluginManage:310 - Check plugin analytics
2025-11-21 07:41:48,293 [INFO] AnalyticsPlugin:253 - Accepted Software Licenses: STM32CubeMX.6.15.0,STM32CubeMX.6.16.0
2025-11-21 07:41:48,293 [INFO] AnalyticsPlugin:255 - Accepted CMSIS Pack Licenses: 
2025-11-21 07:41:48,293 [INFO] AnalyticsPlugin:257 - Accepted Firmware Licenses: FW.F4.1.28.0,FW.H7.1.12.0
2025-11-21 07:41:48,303 [INFO] PluginManage:359 - Loaded plugin analytics (category:tool,tabindex:-1)
2025-11-21 07:41:48,304 [INFO] PluginManage:310 - Check plugin cadmodel
2025-11-21 07:41:48,323 [INFO] CADModel:105 - Init CAD model plugin
2025-11-21 07:41:48,323 [INFO] PluginManage:359 - Loaded plugin cadmodel (category:power,tabindex:5)
2025-11-21 07:41:48,324 [INFO] PluginManage:310 - Check plugin clock
2025-11-21 07:41:48,339 [INFO] PluginManage:359 - Loaded plugin clock (category:base,tabindex:2)
2025-11-21 07:41:48,340 [INFO] PluginManage:310 - Check plugin ddr
2025-11-21 07:41:48,342 [INFO] PluginManage:359 - Loaded plugin ddr (category:tool,tabindex:6)
2025-11-21 07:41:48,342 [INFO] PluginManage:310 - Check plugin filemanager
2025-11-21 07:41:48,585 [INFO] PluginManage:359 - Loaded plugin filemanager (category:base,tabindex:10)
2025-11-21 07:41:48,586 [INFO] PluginManage:310 - Check plugin ipmanager
2025-11-21 07:41:48,595 [INFO] PluginManage:359 - Loaded plugin ipmanager (category:base,tabindex:5)
2025-11-21 07:41:48,595 [INFO] PluginManage:310 - Check plugin lpbam
2025-11-21 07:41:48,607 [INFO] PluginManage:359 - Loaded plugin lpbam (category:base,tabindex:0)
2025-11-21 07:41:48,607 [INFO] PluginManage:310 - Check plugin memorymap
2025-11-21 07:41:48,624 [INFO] PluginManage:359 - Loaded plugin memorymap (category:base,tabindex:4)
2025-11-21 07:41:48,624 [INFO] PluginManage:310 - Check plugin pinoutandconfiguration
2025-11-21 07:41:48,635 [INFO] PluginManage:359 - Loaded plugin pinoutandconfiguration (category:base,tabindex:1)
2025-11-21 07:41:48,635 [INFO] PluginManage:310 - Check plugin pinoutconfig
2025-11-21 07:41:48,749 [WARN] SupportedApi:132 - Cannot load RTOS API schema: s4s-elt-must-match.1: The content of 'definitions' must match (annotation?, (simpleType | complexType)?, (unique | key | keyref)*)). A problem was found starting at: attribute.
2025-11-21 07:41:48,936 [INFO] PluginManage:359 - Loaded plugin pinoutconfig (category:base,tabindex:0)
2025-11-21 07:41:48,936 [INFO] PluginManage:310 - Check plugin power
2025-11-21 07:41:48,948 [INFO] PluginManage:359 - Loaded plugin power (category:power,tabindex:4)
2025-11-21 07:41:48,949 [INFO] PluginManage:310 - Check plugin projectmanager
2025-11-21 07:41:48,982 [INFO] PluginManage:359 - Loaded plugin projectmanager (category:projectmanager,tabindex:4)
2025-11-21 07:41:48,982 [INFO] PluginManage:310 - Check plugin rif
2025-11-21 07:41:48,997 [INFO] PluginManage:359 - Loaded plugin rif (category:base,tabindex:3)
2025-11-21 07:41:48,997 [INFO] PluginManage:310 - Check plugin thirdparty
2025-11-21 07:41:49,203 [INFO] PluginManage:359 - Loaded plugin thirdparty (category:base,tabindex:-1)
2025-11-21 07:41:49,203 [WARN] IntegrityCheckThread:84 - waiting for thirdparty lock release [integrity check]
2025-11-21 07:41:49,204 [INFO] PluginManage:310 - Check plugin tools
2025-11-21 07:41:49,204 [INFO] IntegrityCheckThread:86 - entering critical section [integrity check]
2025-11-21 07:41:49,205 [INFO] ThirdPartyUpdaterWithRetryManager:70 - Updater plugin not ready yet. [1/15]
2025-11-21 07:41:49,206 [INFO] PluginManage:359 - Loaded plugin tools (category:base,tabindex:7)
2025-11-21 07:41:49,206 [INFO] PluginManage:310 - Check plugin tutovideos
2025-11-21 07:41:49,517 [INFO] PluginManage:359 - Loaded plugin tutovideos (category:base,tabindex:-1)
2025-11-21 07:41:49,517 [INFO] PluginManage:310 - Check plugin updater
2025-11-21 07:41:49,554 [INFO] PluginManage:359 - Loaded plugin updater (category:base,tabindex:12)
2025-11-21 07:41:49,554 [INFO] PluginManage:310 - Check plugin userauth
2025-11-21 07:41:49,558 [INFO] UserAuth:118 - Init User Auth plugin
2025-11-21 07:41:49,562 [INFO] PluginManage:359 - Loaded plugin userauth (category:base,tabindex:14)
2025-11-21 07:41:49,564 [INFO] PluginManage:283 - PluginManage : Loaded plugins [18]
2025-11-21 07:41:49,866 [INFO] PinOutPanel:1589 - setPackage(No Configuration,No Configuration)
2025-11-21 07:41:49,965 [INFO] CADModel:165 - CPN selected for project level
2025-11-21 07:41:49,965 [INFO] CADModel:114 - Register for checkConnection events
2025-11-21 07:41:49,979 [INFO] IPUIPlugin:80 - create IPUIPlugin
2025-11-21 07:41:49,979 [INFO] PluginManager:220 - loadIPPluginJar : add mdma
2025-11-21 07:41:49,987 [INFO] IPUIPlugin:80 - create IPUIPlugin
2025-11-21 07:41:49,988 [INFO] PluginManager:220 - loadIPPluginJar : add freertos
2025-11-21 07:41:49,992 [INFO] IPUIPlugin:80 - create IPUIPlugin
2025-11-21 07:41:49,993 [INFO] PluginManager:220 - loadIPPluginJar : add gic
2025-11-21 07:41:50,003 [INFO] IPUIPlugin:80 - create IPUIPlugin
2025-11-21 07:41:50,004 [INFO] PluginManager:220 - loadIPPluginJar : add adc
2025-11-21 07:41:50,006 [INFO] IPUIPlugin:80 - create IPUIPlugin
2025-11-21 07:41:50,006 [INFO] PluginManager:220 - loadIPPluginJar : add gtzc
2025-11-21 07:41:50,006 [INFO] IPUIPlugin:80 - create IPUIPlugin
2025-11-21 07:41:50,006 [INFO] PluginManager:220 - loadIPPluginJar : add quadspi
2025-11-21 07:41:50,008 [INFO] IPUIPlugin:80 - create IPUIPlugin
2025-11-21 07:41:50,008 [INFO] PluginManager:220 - loadIPPluginJar : add aes
2025-11-21 07:41:50,010 [INFO] IPUIPlugin:80 - create IPUIPlugin
2025-11-21 07:41:50,011 [INFO] PluginManager:220 - loadIPPluginJar : add pdm2pcm
2025-11-21 07:41:50,013 [INFO] IPUIPlugin:80 - create IPUIPlugin
2025-11-21 07:41:50,013 [INFO] PluginManager:220 - loadIPPluginJar : add hash
2025-11-21 07:41:50,015 [INFO] IPUIPlugin:80 - create IPUIPlugin
2025-11-21 07:41:50,016 [INFO] PluginManager:220 - loadIPPluginJar : add tim
2025-11-21 07:41:50,017 [INFO] IPUIPlugin:80 - create IPUIPlugin
2025-11-21 07:41:50,018 [INFO] PluginManager:220 - loadIPPluginJar : add tsc
2025-11-21 07:41:50,020 [INFO] IPUIPlugin:80 - create IPUIPlugin
2025-11-21 07:41:50,020 [INFO] PluginManager:220 - loadIPPluginJar : add extmemmanager
2025-11-21 07:41:50,022 [INFO] IPUIPlugin:80 - create IPUIPlugin
2025-11-21 07:41:50,022 [INFO] PluginManager:220 - loadIPPluginJar : add ts
2025-11-21 07:41:50,023 [INFO] IPUIPlugin:80 - create IPUIPlugin
2025-11-21 07:41:50,023 [INFO] PluginManager:220 - loadIPPluginJar : add radio
2025-11-21 07:41:50,025 [INFO] IPUIPlugin:80 - create IPUIPlugin
2025-11-21 07:41:50,025 [INFO] PluginManager:220 - loadIPPluginJar : add can
2025-11-21 07:41:50,027 [INFO] IPUIPlugin:80 - create IPUIPlugin
2025-11-21 07:41:50,027 [INFO] PluginManager:220 - loadIPPluginJar : add dma3
2025-11-21 07:41:50,029 [INFO] IPUIPlugin:80 - create IPUIPlugin
2025-11-21 07:41:50,029 [INFO] PluginManager:220 - loadIPPluginJar : add dfsdm
2025-11-21 07:41:50,031 [INFO] IPUIPlugin:80 - create IPUIPlugin
2025-11-21 07:41:50,032 [INFO] PluginManager:220 - loadIPPluginJar : add spi
2025-11-21 07:41:50,034 [INFO] IPUIPlugin:80 - create IPUIPlugin
2025-11-21 07:41:50,034 [INFO] PluginManager:220 - loadIPPluginJar : add gfxmmu
2025-11-21 07:41:50,036 [INFO] IPUIPlugin:80 - create IPUIPlugin
2025-11-21 07:41:50,036 [INFO] PluginManager:220 - loadIPPluginJar : add genericplugin
2025-11-21 07:41:50,038 [INFO] IPUIPlugin:80 - create IPUIPlugin
2025-11-21 07:41:50,038 [INFO] PluginManager:220 - loadIPPluginJar : add cryp
2025-11-21 07:41:50,042 [INFO] IPUIPlugin:80 - create IPUIPlugin
2025-11-21 07:41:50,042 [INFO] PluginManager:220 - loadIPPluginJar : add gpio
2025-11-21 07:41:50,047 [INFO] IPUIPlugin:80 - create IPUIPlugin
2025-11-21 07:41:50,048 [INFO] PluginManager:220 - loadIPPluginJar : add ddr_ctrl_phy
2025-11-21 07:41:50,052 [INFO] IPUIPlugin:80 - create IPUIPlugin
2025-11-21 07:41:50,053 [INFO] PluginManager:220 - loadIPPluginJar : add comp
2025-11-21 07:41:50,055 [INFO] IPUIPlugin:80 - create IPUIPlugin
2025-11-21 07:41:50,056 [INFO] PluginManager:220 - loadIPPluginJar : add tracer_emb
2025-11-21 07:41:50,058 [INFO] IPUIPlugin:80 - create IPUIPlugin
2025-11-21 07:41:50,058 [INFO] PluginManager:220 - loadIPPluginJar : add openamp
2025-11-21 07:41:50,063 [INFO] IPUIPlugin:80 - create IPUIPlugin
2025-11-21 07:41:50,063 [INFO] PluginManager:220 - loadIPPluginJar : add stm32_wpan
2025-11-21 07:41:50,069 [INFO] IPUIPlugin:80 - create IPUIPlugin
2025-11-21 07:41:50,073 [INFO] PluginManager:220 - loadIPPluginJar : add plateformsettings
2025-11-21 07:41:50,076 [INFO] IPUIPlugin:80 - create IPUIPlugin
2025-11-21 07:41:50,076 [INFO] PluginManager:220 - loadIPPluginJar : add ipddr
2025-11-21 07:41:50,078 [INFO] IPUIPlugin:80 - create IPUIPlugin
2025-11-21 07:41:50,079 [INFO] PluginManager:220 - loadIPPluginJar : add usart
2025-11-21 07:41:50,080 [INFO] IPUIPlugin:80 - create IPUIPlugin
2025-11-21 07:41:50,081 [INFO] PluginManager:220 - loadIPPluginJar : add ltdc
2025-11-21 07:41:50,084 [INFO] IPUIPlugin:80 - create IPUIPlugin
2025-11-21 07:41:50,084 [INFO] PluginManager:220 - loadIPPluginJar : add nvic
2025-11-21 07:41:50,085 [INFO] IPUIPlugin:80 - create IPUIPlugin
2025-11-21 07:41:50,085 [INFO] PluginManager:220 - loadIPPluginJar : add fatfs
2025-11-21 07:41:50,091 [INFO] IPUIPlugin:80 - create IPUIPlugin
2025-11-21 07:41:50,091 [INFO] PluginManager:220 - loadIPPluginJar : add linkedlist
2025-11-21 07:41:50,096 [INFO] IPUIPlugin:80 - create IPUIPlugin
2025-11-21 07:41:50,096 [INFO] PluginManager:220 - loadIPPluginJar : add dma
2025-11-21 07:41:50,101 [INFO] IPUIPlugin:80 - create IPUIPlugin
2025-11-21 07:41:50,102 [INFO] PluginManager:220 - loadIPPluginJar : add fmc
2025-11-21 07:41:50,103 [INFO] IPUIPlugin:80 - create IPUIPlugin
2025-11-21 07:41:50,103 [INFO] PluginManager:220 - loadIPPluginJar : add i2s
2025-11-21 07:41:50,104 [INFO] IPUIPlugin:80 - create IPUIPlugin
2025-11-21 07:41:50,105 [INFO] PluginManager:220 - loadIPPluginJar : add ucpd
2025-11-21 07:41:50,106 [INFO] IPUIPlugin:80 - create IPUIPlugin
2025-11-21 07:41:50,106 [INFO] PluginManager:220 - loadIPPluginJar : add lorawan
2025-11-21 07:41:50,109 [INFO] IPUIPlugin:80 - create IPUIPlugin
2025-11-21 07:41:50,109 [INFO] PluginManager:220 - loadIPPluginJar : add opamp
2025-11-21 07:41:50,111 [INFO] IPUIPlugin:80 - create IPUIPlugin
2025-11-21 07:41:50,112 [INFO] PluginManager:220 - loadIPPluginJar : add i3c
2025-11-21 07:41:50,115 [INFO] IPUIPlugin:80 - create IPUIPlugin
2025-11-21 07:41:50,115 [INFO] PluginManager:220 - loadIPPluginJar : add touchsensing
2025-11-21 07:41:50,119 [INFO] IPUIPlugin:80 - create IPUIPlugin
2025-11-21 07:41:50,119 [INFO] PluginManager:220 - loadIPPluginJar : add i2c
2025-11-21 07:41:50,121 [INFO] IPUIPlugin:80 - create IPUIPlugin
2025-11-21 07:41:50,121 [INFO] PluginManager:220 - loadIPPluginJar : add resmgrutility
2025-11-21 07:41:50,123 [INFO] IPUIPlugin:80 - create IPUIPlugin
2025-11-21 07:41:50,123 [INFO] PluginManager:220 - loadIPPluginJar : add sai
2025-11-21 07:41:50,125 [INFO] IPUIPlugin:80 - create IPUIPlugin
2025-11-21 07:41:50,126 [INFO] PluginManager:220 - loadIPPluginJar : add usbx
2025-11-21 07:41:50,265 [FATAL] Updater:351 - Updater called before beeing initialized
2025-11-21 07:41:50,331 [INFO] RulesReader:64 - Compatibility file has been processed (317 Rules)
2025-11-21 07:41:50,357 [INFO] RulesReader:64 - Compatibility file has been processed (317 Rules)
2025-11-21 07:41:50,371 [INFO] CADModel:165 - CPN selected for project level
2025-11-21 07:41:50,371 [INFO] CADModel:114 - Register for checkConnection events
2025-11-21 07:41:50,371 [FATAL] Updater:351 - Updater called before beeing initialized
2025-11-21 07:41:50,371 [ERROR] CADModel:125 - Updater not yet initialized, retry later 
2025-11-21 07:41:50,720 [FATAL] Updater:351 - Updater called before beeing initialized
2025-11-21 07:41:50,723 [INFO] CADModel:165 - CPN selected for project level
2025-11-21 07:41:50,723 [INFO] CADModel:114 - Register for checkConnection events
2025-11-21 07:41:50,723 [FATAL] Updater:351 - Updater called before beeing initialized
2025-11-21 07:41:50,723 [ERROR] CADModel:125 - Updater not yet initialized, retry later 
2025-11-21 07:41:50,727 [FATAL] Updater:351 - Updater called before beeing initialized
2025-11-21 07:41:50,926 [FATAL] Updater:351 - Updater called before beeing initialized
2025-11-21 07:41:50,933 [INFO] DbMcusAds:53 - JSON generation date=Mon Nov 10 17:43:01 WIB 2025 (1762771381096)
2025-11-21 07:41:50,933 [FATAL] Updater:351 - Updater called before beeing initialized
2025-11-21 07:41:51,003 [WARN] DetailPanel:346 - Failed to get advertising image, set to default
2025-11-21 07:41:51,104 [FATAL] Updater:351 - Updater called before beeing initialized
2025-11-21 07:41:51,107 [FATAL] Updater:351 - Updater called before beeing initialized
2025-11-21 07:41:51,107 [FATAL] Updater:351 - Updater called before beeing initialized
2025-11-21 07:41:51,107 [WARN] DetailPanel:346 - Failed to get advertising image, set to default
2025-11-21 07:41:51,111 [FATAL] Updater:351 - Updater called before beeing initialized
2025-11-21 07:41:51,173 [ERROR] Updater:1198 - MainUpdater not yet initialized. External WinMGr cannot be set.
2025-11-21 07:41:51,179 [INFO] Updater:1134 - Updater Version found : 6.15.0
2025-11-21 07:41:51,198 [INFO] ApplicationProperties:184 - Using Application install path: /Applications/STM32CubeIDE.app/Contents/Eclipse/plugins/com.st.stm32cube.common.mx_6.15.0.202507011659
2025-11-21 07:41:51,627 [INFO] MainUpdater:2872 - connection check result : 10
2025-11-21 07:41:51,628 [INFO] MainUpdater:289 - Updater Check For Update Now.
2025-11-21 07:41:51,629 [INFO] MicroXplorer:498 - Change Database Version : DB.6.0.150
2025-11-21 07:41:51,642 [INFO] McuFinderGlobals:63 - Set McuFinder mode to 2 (CubeIDE integrated)
2025-11-21 07:41:51,644 [INFO] UserAuth:487 - Internet connection configuration mode: 1
2025-11-21 07:41:51,670 [INFO] JxBrowserEngine:152 - Initiate JxBrowser Engine with user profile folder
2025-11-21 07:41:51,936 [INFO] CheckServerUpdateThread:120 - End of CheckServer Thread
2025-11-21 07:41:52,569 [WARN] PackLoader:240 - Cannot read IP mode file for STMicroelectronics.FP-SNS-MOTENVWB1.1.4.0
2025-11-21 07:41:52,592 [WARN] PackLoader:240 - Cannot read IP mode file for STMicroelectronics.FP-ATR-ASTRA1.2.0.2
2025-11-21 07:41:52,611 [WARN] PackLoader:240 - Cannot read IP mode file for STMicroelectronics.X-CUBE-SMBUS.2.1.0
2025-11-21 07:41:52,672 [WARN] PackLoader:240 - Cannot read IP mode file for STMicroelectronics.X-CUBE-AZRTOS-F7.1.1.0
2025-11-21 07:41:52,706 [WARN] PackLoader:240 - Cannot read IP mode file for Cesanta.I-CUBE-Mongoose.7.19.0
2025-11-21 07:41:52,719 [WARN] PackLoader:240 - Cannot read IP mode file for STMicroelectronics.FP-SNS-MOTENV1.5.1.0
2025-11-21 07:41:52,762 [WARN] PackLoader:240 - Cannot read IP mode file for WES.I-CUBE-Cesium.1.4.0
2025-11-21 07:41:52,854 [WARN] PackLoader:240 - Cannot read IP mode file for Infineon.AIROC-Wi-Fi-Bluetooth-STM32.1.7.1
2025-11-21 07:41:52,938 [WARN] PackLoader:240 - Cannot read IP mode file for STMicroelectronics.X-CUBE-AZRTOS-H7.3.4.0
2025-11-21 07:41:52,989 [WARN] PackLoader:240 - Cannot read IP mode file for STMicroelectronics.X-CUBE-DISPLAY.3.0.0
2025-11-21 07:41:53,031 [WARN] PackLoader:240 - Cannot read IP mode file for STMicroelectronics.X-CUBE-NFC10.1.0.0
2025-11-21 07:41:53,048 [WARN] PackLoader:240 - Cannot read IP mode file for STMicroelectronics.X-CUBE-ST60.1.1.0
2025-11-21 07:41:53,065 [WARN] PackLoader:240 - Cannot read IP mode file for emotas.I-CUBE-CANOPEN.1.3.0
2025-11-21 07:41:53,082 [WARN] PackLoader:240 - Cannot read IP mode file for STMicroelectronics.X-CUBE-GNSS1.7.1.0
2025-11-21 07:41:53,106 [WARN] PackLoader:240 - Cannot read IP mode file for STMicroelectronics.FP-SNS-STBOX1.2.1.0
2025-11-21 07:41:53,115 [WARN] PackLoader:240 - Cannot read IP mode file for STMicroelectronics.FP-SNS-SMARTAG2.1.2.0
2025-11-21 07:41:53,120 [WARN] PackLoader:240 - Cannot read IP mode file for STMicroelectronics.FP-SNS-FLIGHT1.5.1.0
2025-11-21 07:41:53,137 [INFO] LogOutputStream:77 - [STDOUT_REDIRECT] 1 : Invalid condition id : UX_CORESTACK_Condition cause : null
2025-11-21 07:41:53,140 [INFO] LogOutputStream:77 - [STDOUT_REDIRECT] 1 : Invalid condition id : UX_CORESTACK_Condition cause : null
2025-11-21 07:41:53,141 [INFO] LogOutputStream:77 - [STDOUT_REDIRECT] 1 : Invalid condition id : UX_CORESTACK_Condition cause : null
2025-11-21 07:41:53,141 [INFO] LogOutputStream:77 - [STDOUT_REDIRECT] 1 : Invalid condition id : UX_CORESTACK_Condition cause : null
2025-11-21 07:41:53,141 [INFO] LogOutputStream:77 - [STDOUT_REDIRECT] 1 : Invalid condition id : UX_CORESTACK_Condition cause : null
2025-11-21 07:41:53,157 [WARN] PackLoader:240 - Cannot read IP mode file for STMicroelectronics.X-CUBE-AZRTOS-WL.2.0.0
2025-11-21 07:41:53,167 [WARN] PackLoader:240 - Cannot read IP mode file for STMicroelectronics.FP-SNS-MOTENV1.5.0.0
2025-11-21 07:41:53,179 [WARN] PackLoader:240 - Cannot read IP mode file for STMicroelectronics.X-CUBE-BLE2.3.3.0
2025-11-21 07:41:53,240 [WARN] PackLoader:240 - Cannot read IP mode file for STMicroelectronics.X-CUBE-NFC9.1.0.0
2025-11-21 07:41:53,908 [WARN] PackLoader:240 - Cannot read IP mode file for wolfSSL.I-CUBE-wolfSSL.5.8.2
2025-11-21 07:41:53,978 [WARN] PackLoader:240 - Cannot read IP mode file for STMicroelectronics.X-CUBE-BLE1.7.1.0
2025-11-21 07:41:53,990 [WARN] PackLoader:240 - Cannot read IP mode file for wolfSSL.I-CUBE-wolfMQTT.1.19.2
2025-11-21 07:41:54,004 [WARN] PackLoader:240 - Cannot read IP mode file for STMicroelectronics.X-CUBE-EEPRMA1.5.2.0
2025-11-21 07:41:54,020 [WARN] PackLoader:240 - Cannot read IP mode file for STMicroelectronics.X-CUBE-ST67W61.1.1.0
2025-11-21 07:41:54,055 [WARN] PackLoader:240 - Cannot read IP mode file for STMicroelectronics.X-CUBE-AZRTOS-G0.1.1.0
2025-11-21 07:41:54,072 [WARN] PackLoader:240 - Cannot read IP mode file for STMicroelectronics.X-CUBE-SAFEA1.1.2.2
2025-11-21 07:41:54,082 [WARN] PackLoader:240 - Cannot read IP mode file for STMicroelectronics.X-CUBE-NFC4.3.0.0
2025-11-21 07:41:54,104 [WARN] PackLoader:240 - Cannot read IP mode file for EmbeddedOffice.I-CUBE-FS-RTOS.1.0.1
2025-11-21 07:41:54,149 [WARN] PackLoader:240 - Cannot read IP mode file for STMicroelectronics.X-CUBE-WB05N.2.0.0
2025-11-21 07:41:54,163 [WARN] PackLoader:240 - Cannot read IP mode file for wolfSSL.I-CUBE-wolfTPM.3.8.0
2025-11-21 07:41:54,174 [WARN] PackLoader:240 - Cannot read IP mode file for STMicroelectronics.X-CUBE-TCPP.4.2.0
2025-11-21 07:41:54,186 [WARN] PackLoader:240 - Cannot read IP mode file for RealThread.X-CUBE-RT-Thread_Nano.4.1.1
2025-11-21 07:41:54,197 [WARN] PackLoader:240 - Cannot read IP mode file for STMicroelectronics.FP-ATR-SIGFOX1.3.2.0
2025-11-21 07:41:54,216 [WARN] PackLoader:240 - Cannot read IP mode file for ITTIA_DB.I-CUBE-ITTIADB.8.9.0
2025-11-21 07:41:54,228 [WARN] PackLoader:240 - Cannot read IP mode file for STMicroelectronics.X-CUBE-AI.10.2.0
2025-11-21 07:41:54,440 [WARN] PackLoader:240 - Cannot read IP mode file for SEGGER.I-CUBE-embOS.1.3.1
2025-11-21 07:41:54,575 [WARN] PackLoader:240 - Cannot read IP mode file for STMicroelectronics.X-CUBE-ALGOBUILD.1.4.0
2025-11-21 07:41:54,761 [WARN] PackLoader:240 - Cannot read IP mode file for STMicroelectronics.X-CUBE-MEMS1.11.3.0
2025-11-21 07:41:54,887 [WARN] PackLoader:240 - Cannot read IP mode file for STMicroelectronics.X-CUBE-PM33A1.1.0.0
2025-11-21 07:41:54,912 [WARN] PackLoader:240 - Cannot read IP mode file for STMicroelectronics.X-CUBE-AZRTOS-F4.1.1.0
2025-11-21 07:41:54,931 [WARN] PackLoader:240 - Cannot read IP mode file for STMicroelectronics.X-CUBE-ISPU.2.1.0
2025-11-21 07:41:54,952 [WARN] PackLoader:240 - Cannot read IP mode file for STMicroelectronics.X-CUBE-IPS.3.2.0
2025-11-21 07:41:54,987 [WARN] PackLoader:240 - Cannot read IP mode file for STMicroelectronics.X-CUBE-NFC12.1.0.0
2025-11-21 07:41:55,021 [WARN] PackLoader:240 - Cannot read IP mode file for STMicroelectronics.X-CUBE-AZRTOS-L5.2.0.0
2025-11-21 07:41:55,040 [WARN] PackLoader:240 - Cannot read IP mode file for STMicroelectronics.X-CUBE-NFC6.3.1.0
2025-11-21 07:41:55,050 [WARN] PackLoader:240 - Cannot read IP mode file for STMicroelectronics.X-CUBE-FREERTOS.1.3.1
2025-11-21 07:41:55,056 [WARN] PackLoader:240 - Cannot read IP mode file for STMicroelectronics.X-CUBE-TOUCHGFX.4.26.0
2025-11-21 07:41:55,062 [WARN] PackLoader:240 - Cannot read IP mode file for STMicroelectronics.FP-SNS-STAIOTCFT.1.0.0
2025-11-21 07:41:55,070 [WARN] PackLoader:240 - Cannot read IP mode file for STMicroelectronics.X-CUBE-DPower.1.3.0
2025-11-21 07:41:55,099 [WARN] ConditionMgr:438 - getConditionDescription Invalid condition id : LAN8742 Phy interface Condition cause : null
2025-11-21 07:41:55,105 [WARN] PackLoader:240 - Cannot read IP mode file for STMicroelectronics.X-CUBE-AZRTOS-L4.2.0.0
2025-11-21 07:41:55,110 [WARN] ConditionMgr:1044 - genDependencies : Invalid condition id : LAN8742 Phy interface Condition cause : null
2025-11-21 07:41:55,112 [WARN] ConditionMgr:1044 - genDependencies : Invalid condition id : LAN8742 Phy interface Condition cause : null
2025-11-21 07:41:55,113 [WARN] ConditionMgr:1044 - genDependencies : Invalid condition id : LAN8742 Phy interface Condition cause : null
2025-11-21 07:41:55,127 [WARN] PackLoader:240 - Cannot read IP mode file for STMicroelectronics.X-CUBE-SFXS2LP1.4.0.0
2025-11-21 07:41:55,149 [WARN] PackLoader:240 - Cannot read IP mode file for STMicroelectronics.X-CUBE-BLEMGR.4.1.0
2025-11-21 07:41:55,180 [WARN] ConditionMgr:438 - getConditionDescription Invalid condition id : UX DEVICE CLASS RTOS Condition cause : null
2025-11-21 07:41:55,181 [WARN] ConditionMgr:438 - getConditionDescription Invalid condition id : UX DEVICE CLASS RTOS Condition cause : null
2025-11-21 07:41:55,185 [WARN] PackLoader:240 - Cannot read IP mode file for STMicroelectronics.X-CUBE-AZRTOS-WB.2.0.0
2025-11-21 07:41:55,186 [WARN] ConditionMgr:1044 - genDependencies : Invalid condition id : UX DEVICE CLASS RTOS Condition cause : null
2025-11-21 07:41:55,186 [WARN] ConditionMgr:1044 - genDependencies : Invalid condition id : UX DEVICE CLASS RTOS Condition cause : null
2025-11-21 07:41:55,187 [WARN] ConditionMgr:1044 - genDependencies : Invalid condition id : UX DEVICE CLASS RTOS Condition cause : null
2025-11-21 07:41:55,188 [WARN] ConditionMgr:1044 - genDependencies : Invalid condition id : UX DEVICE CLASS RTOS Condition cause : null
2025-11-21 07:41:55,188 [WARN] ConditionMgr:1044 - genDependencies : Invalid condition id : UX DEVICE CLASS RTOS Condition cause : null
2025-11-21 07:41:55,194 [WARN] PackLoader:240 - Cannot read IP mode file for STMicroelectronics.X-CUBE-GNSS1.7.0.1
2025-11-21 07:41:55,200 [WARN] ConditionMgr:438 - getConditionDescription Invalid condition id : Cortex-A Device cause : null
2025-11-21 07:41:55,230 [WARN] ConditionMgr:1044 - genDependencies : Invalid condition id : Cortex-A Device cause : null
2025-11-21 07:41:55,230 [WARN] ConditionMgr:1044 - genDependencies : Invalid condition id : Cortex-A Device cause : null
2025-11-21 07:41:55,230 [WARN] ConditionMgr:1044 - genDependencies : Invalid condition id : Cortex-A Device cause : null
2025-11-21 07:41:55,246 [WARN] PackLoader:240 - Cannot read IP mode file for STMicroelectronics.X-CUBE-SUBG2.5.0.0
2025-11-21 07:41:55,279 [WARN] PackLoader:240 - Cannot read IP mode file for STMicroelectronics.X-CUBE-AZRTOS-H7RS.1.1.0
2025-11-21 07:41:55,303 [WARN] PackLoader:240 - Cannot read IP mode file for STMicroelectronics.X-CUBE-AZRTOS-G4.2.0.0
2025-11-21 07:41:55,311 [WARN] PackLoader:240 - Cannot read IP mode file for wolfSSL.I-CUBE-wolfSSH.1.4.20
2025-11-21 07:41:55,317 [WARN] PackLoader:240 - Cannot read IP mode file for STMicroelectronics.X-CUBE-NFC7.2.0.0
2025-11-21 07:41:55,322 [WARN] PackLoader:240 - Cannot read IP mode file for STMicroelectronics.X-CUBE-ALS.1.0.2
2025-11-21 07:41:55,328 [WARN] PackLoader:240 - Cannot read IP mode file for STMicroelectronics.X-CUBE-STSE01.1.0.0
2025-11-21 07:41:55,345 [WARN] PackLoader:240 - Cannot read IP mode file for STMicroelectronics.X-CUBE-TOF1.3.4.3
2025-11-21 07:41:55,369 [INFO] ThirdParty:978 - Integrity check success = true
2025-11-21 07:41:55,369 [INFO] IntegrityCheckThread:100 - exiting critical section [integrity check]
2025-11-21 07:41:55,369 [INFO] IntegrityCheckThread:103 - End integrity checks thread
2025-11-21 07:41:59,573 [INFO] WebApp:169 - Instantiating new browser for Auth
2025-11-21 07:42:04,088 [INFO] WebApp:463 - Apply proxy settings
2025-11-21 07:42:04,203 [INFO] WebApp:508 - Chromium authenticates against Manually configured proxy
2025-11-21 07:42:04,239 [INFO] WebApp:516 - Username used for proxy authentication: 
2025-11-21 07:42:04,319 [INFO] WebApp:900 - Register for checkConnection events
2025-11-21 07:42:04,320 [INFO] WebApp:463 - Apply proxy settings
2025-11-21 07:42:04,334 [INFO] WebApp:508 - Chromium authenticates against Manually configured proxy
2025-11-21 07:42:04,336 [INFO] WebApp:516 - Username used for proxy authentication: 
2025-11-21 07:42:04,827 [INFO] WebApp:225 - Starting web application
2025-11-21 07:42:04,827 [INFO] WebApp:593 - Web application path used /Applications/STM32CubeIDE.app/Contents/Eclipse/plugins/com.st.stm32cube.common.mx_6.15.0.202507011659/db/plugins/mcufinder/reactClient1/index.html
2025-11-21 07:42:04,911 [INFO] WebApp:191 - Connection restablished
2025-11-21 07:42:06,139 [INFO] UserAuth:487 - Internet connection configuration mode: 1
2025-11-21 08:11:02,638 [ERROR] LogOutputStream:75 - [STDERR_REDIRECT] 
2025-11-21 08:55:22,556 [INFO] Activator:176 - 


2025-11-21 08:55:22,562 [INFO] Activator:177 - !SESSION log4j initialized
2025-11-21 08:55:30,906 [INFO] LogOutputStream:77 - [STDOUT_REDIRECT] 
2025-11-21 08:55:31,509 [ERROR] LogOutputStream:75 - [STDERR_REDIRECT] 
2025-11-21 08:55:39,596 [INFO] LogOutputStream:77 - [STDOUT_REDIRECT] 
2025-11-21 08:55:43,180 [ERROR] ConfigurationRetriever:142 - IOException on connection: Connect timed out
2025-11-21 08:55:43,201 [INFO] ApplicationProperties:184 - Using Application install path: /Applications/STM32CubeIDE.app/Contents/Eclipse/plugins/com.st.stm32cube.common.mx_6.15.0.202507011659
2025-11-21 08:55:43,220 [INFO] DbMcusXml:78 - Set database path to: /Applications/STM32CubeIDE.app/Contents/Eclipse/plugins/com.st.stm32cube.common.mx_6.15.0.202507011659//db//mcu/
2025-11-21 08:55:43,220 [INFO] ApiDb:274 - Set plugin database path to: /Applications/STM32CubeIDE.app/Contents/Eclipse/plugins/com.st.stm32cube.common.mx_6.15.0.202507011659//db//plugins/boardmanager/
2025-11-21 08:55:43,221 [WARN] ApiDb:259 - Overriding images path with different value:  => /Applications/STM32CubeIDE.app/Contents/Eclipse/plugins/com.st.stm32cube.common.mx_6.15.0.202507011659//db//plugins/mcufinder/images/
2025-11-21 08:55:43,230 [INFO] ApiDb:250 - Set database path to: /Users/mc/.stmcufinder/plugins/mcufinder//mcu/
2025-11-21 08:55:43,232 [INFO] DbMcusAds:125 - Set database path to: /Users/mc/.stmcufinder/plugins/mcufinder//mcu/
2025-11-21 08:55:43,234 [INFO] CrossReferenceDbSqlite:203 - Set database path to: /Users/mc/.stmcufinder/plugins/mcufinder//mcu/cs/
2025-11-21 08:55:43,424 [INFO] RulesReader:64 - Compatibility file has been processed (317 Rules)
2025-11-21 08:55:43,491 [INFO] DbMcusXml:78 - Set database path to: /Applications/STM32CubeIDE.app/Contents/Eclipse/plugins/com.st.stm32cube.common.mx_6.15.0.202507011659//db//mcu/
2025-11-21 08:55:43,492 [INFO] ApiDb:274 - Set plugin database path to: /Applications/STM32CubeIDE.app/Contents/Eclipse/plugins/com.st.stm32cube.common.mx_6.15.0.202507011659//db//plugins/boardmanager/
2025-11-21 08:55:43,492 [INFO] ApiDb:261 - Set plugin images path to: /Applications/STM32CubeIDE.app/Contents/Eclipse/plugins/com.st.stm32cube.common.mx_6.15.0.202507011659//db//plugins/mcufinder/images/
2025-11-21 08:55:43,492 [WARN] DbFile:41 - Overriding database path with different value: /Users/mc/.stmcufinder/plugins/mcufinder/ => /Users/mc/.stmcufinder/plugins/mcufinder
2025-11-21 08:55:43,492 [INFO] ApiDb:250 - Set database path to: /Users/mc/.stmcufinder/plugins/mcufinder//mcu/
2025-11-21 08:55:43,492 [WARN] DbFile:41 - Overriding database path with different value: /Users/mc/.stmcufinder/plugins/mcufinder/ => /Users/mc/.stmcufinder/plugins/mcufinder
2025-11-21 08:55:43,492 [INFO] DbMcusAds:125 - Set database path to: /Users/mc/.stmcufinder/plugins/mcufinder//mcu/
2025-11-21 08:55:43,492 [WARN] DbFile:41 - Overriding database path with different value: /Users/mc/.stmcufinder/plugins/mcufinder/ => /Users/mc/.stmcufinder/plugins/mcufinder
2025-11-21 08:55:43,492 [WARN] DbFile:41 - Overriding database path with different value: /Users/mc/.stmcufinder/plugins/mcufinder/ => /Users/mc/.stmcufinder/plugins/mcufinder
2025-11-21 08:55:43,493 [INFO] CrossReferenceDbSqlite:203 - Set database path to: /Users/mc/.stmcufinder/plugins/mcufinder//mcu/cs/
2025-11-21 08:55:43,579 [INFO] MainPanel:274 - HeapMemory: 268435456
2025-11-21 08:55:44,178 [INFO] DbMcusXml:78 - Set database path to: /Applications/STM32CubeIDE.app/Contents/Eclipse/plugins/com.st.stm32cube.common.mx_6.15.0.202507011659//db//mcu/
2025-11-21 08:55:44,179 [INFO] ApiDb:274 - Set plugin database path to: /Applications/STM32CubeIDE.app/Contents/Eclipse/plugins/com.st.stm32cube.common.mx_6.15.0.202507011659//db//plugins/boardmanager/
2025-11-21 08:55:44,179 [INFO] ApiDb:261 - Set plugin images path to: /Applications/STM32CubeIDE.app/Contents/Eclipse/plugins/com.st.stm32cube.common.mx_6.15.0.202507011659//db//plugins/mcufinder/images/
2025-11-21 08:55:44,179 [WARN] DbFile:41 - Overriding database path with different value: /Users/mc/.stmcufinder/plugins/mcufinder/ => /Users/mc/.stmcufinder/plugins/mcufinder
2025-11-21 08:55:44,179 [INFO] ApiDb:250 - Set database path to: /Users/mc/.stmcufinder/plugins/mcufinder//mcu/
2025-11-21 08:55:44,179 [WARN] DbFile:41 - Overriding database path with different value: /Users/mc/.stmcufinder/plugins/mcufinder/ => /Users/mc/.stmcufinder/plugins/mcufinder
2025-11-21 08:55:44,180 [INFO] DbMcusAds:125 - Set database path to: /Users/mc/.stmcufinder/plugins/mcufinder//mcu/
2025-11-21 08:55:44,180 [WARN] DbFile:41 - Overriding database path with different value: /Users/mc/.stmcufinder/plugins/mcufinder/ => /Users/mc/.stmcufinder/plugins/mcufinder
2025-11-21 08:55:44,180 [WARN] DbFile:41 - Overriding database path with different value: /Users/mc/.stmcufinder/plugins/mcufinder/ => /Users/mc/.stmcufinder/plugins/mcufinder
2025-11-21 08:55:44,180 [INFO] CrossReferenceDbSqlite:203 - Set database path to: /Users/mc/.stmcufinder/plugins/mcufinder//mcu/cs/
2025-11-21 08:55:44,199 [INFO] ApplicationProperties:184 - Using Application install path: /Applications/STM32CubeIDE.app/Contents/Eclipse/plugins/com.st.stm32cube.common.mx_6.15.0.202507011659
2025-11-21 08:55:44,201 [INFO] PluginManage:196 - Search for loadable plugins [exclusion list=, ]
2025-11-21 08:55:44,203 [INFO] PluginManage:310 - Check plugin analytics
2025-11-21 08:55:44,473 [INFO] AnalyticsPlugin:253 - Accepted Software Licenses: STM32CubeMX.6.15.0,STM32CubeMX.6.16.0
2025-11-21 08:55:44,473 [INFO] AnalyticsPlugin:255 - Accepted CMSIS Pack Licenses: 
2025-11-21 08:55:44,473 [INFO] AnalyticsPlugin:257 - Accepted Firmware Licenses: FW.F4.1.28.0,FW.H7.1.12.0
2025-11-21 08:55:44,483 [INFO] PluginManage:359 - Loaded plugin analytics (category:tool,tabindex:-1)
2025-11-21 08:55:44,484 [INFO] PluginManage:310 - Check plugin cadmodel
2025-11-21 08:55:44,504 [INFO] CADModel:105 - Init CAD model plugin
2025-11-21 08:55:44,504 [INFO] PluginManage:359 - Loaded plugin cadmodel (category:power,tabindex:5)
2025-11-21 08:55:44,504 [INFO] PluginManage:310 - Check plugin clock
2025-11-21 08:55:44,517 [INFO] PluginManage:359 - Loaded plugin clock (category:base,tabindex:2)
2025-11-21 08:55:44,517 [INFO] PluginManage:310 - Check plugin ddr
2025-11-21 08:55:44,521 [INFO] PluginManage:359 - Loaded plugin ddr (category:tool,tabindex:6)
2025-11-21 08:55:44,522 [INFO] PluginManage:310 - Check plugin filemanager
2025-11-21 08:55:44,762 [INFO] PluginManage:359 - Loaded plugin filemanager (category:base,tabindex:10)
2025-11-21 08:55:44,763 [INFO] PluginManage:310 - Check plugin ipmanager
2025-11-21 08:55:44,774 [INFO] PluginManage:359 - Loaded plugin ipmanager (category:base,tabindex:5)
2025-11-21 08:55:44,775 [INFO] PluginManage:310 - Check plugin lpbam
2025-11-21 08:55:44,789 [INFO] PluginManage:359 - Loaded plugin lpbam (category:base,tabindex:0)
2025-11-21 08:55:44,789 [INFO] PluginManage:310 - Check plugin memorymap
2025-11-21 08:55:44,801 [INFO] PluginManage:359 - Loaded plugin memorymap (category:base,tabindex:4)
2025-11-21 08:55:44,802 [INFO] PluginManage:310 - Check plugin pinoutandconfiguration
2025-11-21 08:55:44,812 [INFO] PluginManage:359 - Loaded plugin pinoutandconfiguration (category:base,tabindex:1)
2025-11-21 08:55:44,813 [INFO] PluginManage:310 - Check plugin pinoutconfig
2025-11-21 08:55:44,922 [WARN] SupportedApi:132 - Cannot load RTOS API schema: s4s-elt-must-match.1: The content of 'definitions' must match (annotation?, (simpleType | complexType)?, (unique | key | keyref)*)). A problem was found starting at: attribute.
2025-11-21 08:55:45,104 [INFO] PluginManage:359 - Loaded plugin pinoutconfig (category:base,tabindex:0)
2025-11-21 08:55:45,105 [INFO] PluginManage:310 - Check plugin power
2025-11-21 08:55:45,118 [INFO] PluginManage:359 - Loaded plugin power (category:power,tabindex:4)
2025-11-21 08:55:45,119 [INFO] PluginManage:310 - Check plugin projectmanager
2025-11-21 08:55:45,151 [INFO] PluginManage:359 - Loaded plugin projectmanager (category:projectmanager,tabindex:4)
2025-11-21 08:55:45,152 [INFO] PluginManage:310 - Check plugin rif
2025-11-21 08:55:45,161 [INFO] PluginManage:359 - Loaded plugin rif (category:base,tabindex:3)
2025-11-21 08:55:45,161 [INFO] PluginManage:310 - Check plugin thirdparty
2025-11-21 08:55:45,188 [ERROR] ConfigurationRetriever:142 - IOException on connection: Connect timed out
2025-11-21 08:55:45,373 [INFO] PluginManage:359 - Loaded plugin thirdparty (category:base,tabindex:-1)
2025-11-21 08:55:45,373 [INFO] PluginManage:310 - Check plugin tools
2025-11-21 08:55:45,373 [WARN] IntegrityCheckThread:84 - waiting for thirdparty lock release [integrity check]
2025-11-21 08:55:45,374 [INFO] IntegrityCheckThread:86 - entering critical section [integrity check]
2025-11-21 08:55:45,375 [INFO] ThirdPartyUpdaterWithRetryManager:70 - Updater plugin not ready yet. [1/15]
2025-11-21 08:55:45,379 [INFO] PluginManage:359 - Loaded plugin tools (category:base,tabindex:7)
2025-11-21 08:55:45,379 [INFO] PluginManage:310 - Check plugin tutovideos
2025-11-21 08:55:45,652 [INFO] PluginManage:359 - Loaded plugin tutovideos (category:base,tabindex:-1)
2025-11-21 08:55:45,652 [INFO] PluginManage:310 - Check plugin updater
2025-11-21 08:55:45,682 [INFO] PluginManage:359 - Loaded plugin updater (category:base,tabindex:12)
2025-11-21 08:55:45,682 [INFO] PluginManage:310 - Check plugin userauth
2025-11-21 08:55:45,688 [INFO] UserAuth:118 - Init User Auth plugin
2025-11-21 08:55:45,690 [INFO] PluginManage:359 - Loaded plugin userauth (category:base,tabindex:14)
2025-11-21 08:55:45,690 [INFO] PluginManage:283 - PluginManage : Loaded plugins [18]
2025-11-21 08:55:45,969 [INFO] PinOutPanel:1589 - setPackage(No Configuration,No Configuration)
2025-11-21 08:55:46,081 [INFO] CADModel:165 - CPN selected for project level
2025-11-21 08:55:46,082 [INFO] CADModel:114 - Register for checkConnection events
2025-11-21 08:55:46,096 [INFO] IPUIPlugin:80 - create IPUIPlugin
2025-11-21 08:55:46,097 [INFO] PluginManager:220 - loadIPPluginJar : add mdma
2025-11-21 08:55:46,103 [INFO] IPUIPlugin:80 - create IPUIPlugin
2025-11-21 08:55:46,104 [INFO] PluginManager:220 - loadIPPluginJar : add freertos
2025-11-21 08:55:46,108 [INFO] IPUIPlugin:80 - create IPUIPlugin
2025-11-21 08:55:46,108 [INFO] PluginManager:220 - loadIPPluginJar : add gic
2025-11-21 08:55:46,119 [INFO] IPUIPlugin:80 - create IPUIPlugin
2025-11-21 08:55:46,119 [INFO] PluginManager:220 - loadIPPluginJar : add adc
2025-11-21 08:55:46,122 [INFO] IPUIPlugin:80 - create IPUIPlugin
2025-11-21 08:55:46,122 [INFO] PluginManager:220 - loadIPPluginJar : add gtzc
2025-11-21 08:55:46,124 [INFO] IPUIPlugin:80 - create IPUIPlugin
2025-11-21 08:55:46,124 [INFO] PluginManager:220 - loadIPPluginJar : add quadspi
2025-11-21 08:55:46,126 [INFO] IPUIPlugin:80 - create IPUIPlugin
2025-11-21 08:55:46,127 [INFO] PluginManager:220 - loadIPPluginJar : add aes
2025-11-21 08:55:46,129 [INFO] IPUIPlugin:80 - create IPUIPlugin
2025-11-21 08:55:46,129 [INFO] PluginManager:220 - loadIPPluginJar : add pdm2pcm
2025-11-21 08:55:46,131 [INFO] IPUIPlugin:80 - create IPUIPlugin
2025-11-21 08:55:46,131 [INFO] PluginManager:220 - loadIPPluginJar : add hash
2025-11-21 08:55:46,133 [INFO] IPUIPlugin:80 - create IPUIPlugin
2025-11-21 08:55:46,133 [INFO] PluginManager:220 - loadIPPluginJar : add tim
2025-11-21 08:55:46,135 [INFO] IPUIPlugin:80 - create IPUIPlugin
2025-11-21 08:55:46,135 [INFO] PluginManager:220 - loadIPPluginJar : add tsc
2025-11-21 08:55:46,138 [INFO] IPUIPlugin:80 - create IPUIPlugin
2025-11-21 08:55:46,138 [INFO] PluginManager:220 - loadIPPluginJar : add extmemmanager
2025-11-21 08:55:46,140 [INFO] IPUIPlugin:80 - create IPUIPlugin
2025-11-21 08:55:46,140 [INFO] PluginManager:220 - loadIPPluginJar : add ts
2025-11-21 08:55:46,141 [INFO] IPUIPlugin:80 - create IPUIPlugin
2025-11-21 08:55:46,141 [INFO] PluginManager:220 - loadIPPluginJar : add radio
2025-11-21 08:55:46,143 [INFO] IPUIPlugin:80 - create IPUIPlugin
2025-11-21 08:55:46,144 [INFO] PluginManager:220 - loadIPPluginJar : add can
2025-11-21 08:55:46,145 [INFO] IPUIPlugin:80 - create IPUIPlugin
2025-11-21 08:55:46,146 [INFO] PluginManager:220 - loadIPPluginJar : add dma3
2025-11-21 08:55:46,147 [INFO] IPUIPlugin:80 - create IPUIPlugin
2025-11-21 08:55:46,147 [INFO] PluginManager:220 - loadIPPluginJar : add dfsdm
2025-11-21 08:55:46,149 [INFO] IPUIPlugin:80 - create IPUIPlugin
2025-11-21 08:55:46,150 [INFO] PluginManager:220 - loadIPPluginJar : add spi
2025-11-21 08:55:46,153 [INFO] IPUIPlugin:80 - create IPUIPlugin
2025-11-21 08:55:46,153 [INFO] PluginManager:220 - loadIPPluginJar : add gfxmmu
2025-11-21 08:55:46,154 [INFO] IPUIPlugin:80 - create IPUIPlugin
2025-11-21 08:55:46,155 [INFO] PluginManager:220 - loadIPPluginJar : add genericplugin
2025-11-21 08:55:46,157 [INFO] IPUIPlugin:80 - create IPUIPlugin
2025-11-21 08:55:46,157 [INFO] PluginManager:220 - loadIPPluginJar : add cryp
2025-11-21 08:55:46,161 [INFO] IPUIPlugin:80 - create IPUIPlugin
2025-11-21 08:55:46,162 [INFO] PluginManager:220 - loadIPPluginJar : add gpio
2025-11-21 08:55:46,165 [INFO] IPUIPlugin:80 - create IPUIPlugin
2025-11-21 08:55:46,165 [INFO] PluginManager:220 - loadIPPluginJar : add ddr_ctrl_phy
2025-11-21 08:55:46,167 [INFO] IPUIPlugin:80 - create IPUIPlugin
2025-11-21 08:55:46,167 [INFO] PluginManager:220 - loadIPPluginJar : add comp
2025-11-21 08:55:46,169 [INFO] IPUIPlugin:80 - create IPUIPlugin
2025-11-21 08:55:46,170 [INFO] PluginManager:220 - loadIPPluginJar : add tracer_emb
2025-11-21 08:55:46,173 [INFO] IPUIPlugin:80 - create IPUIPlugin
2025-11-21 08:55:46,173 [INFO] PluginManager:220 - loadIPPluginJar : add openamp
2025-11-21 08:55:46,180 [INFO] IPUIPlugin:80 - create IPUIPlugin
2025-11-21 08:55:46,180 [INFO] PluginManager:220 - loadIPPluginJar : add stm32_wpan
2025-11-21 08:55:46,185 [INFO] IPUIPlugin:80 - create IPUIPlugin
2025-11-21 08:55:46,189 [INFO] PluginManager:220 - loadIPPluginJar : add plateformsettings
2025-11-21 08:55:46,192 [INFO] IPUIPlugin:80 - create IPUIPlugin
2025-11-21 08:55:46,193 [INFO] PluginManager:220 - loadIPPluginJar : add ipddr
2025-11-21 08:55:46,195 [INFO] IPUIPlugin:80 - create IPUIPlugin
2025-11-21 08:55:46,195 [INFO] PluginManager:220 - loadIPPluginJar : add usart
2025-11-21 08:55:46,196 [INFO] IPUIPlugin:80 - create IPUIPlugin
2025-11-21 08:55:46,196 [INFO] PluginManager:220 - loadIPPluginJar : add ltdc
2025-11-21 08:55:46,199 [INFO] IPUIPlugin:80 - create IPUIPlugin
2025-11-21 08:55:46,199 [INFO] PluginManager:220 - loadIPPluginJar : add nvic
2025-11-21 08:55:46,201 [INFO] IPUIPlugin:80 - create IPUIPlugin
2025-11-21 08:55:46,201 [INFO] PluginManager:220 - loadIPPluginJar : add fatfs
2025-11-21 08:55:46,208 [INFO] IPUIPlugin:80 - create IPUIPlugin
2025-11-21 08:55:46,209 [INFO] PluginManager:220 - loadIPPluginJar : add linkedlist
2025-11-21 08:55:46,215 [INFO] IPUIPlugin:80 - create IPUIPlugin
2025-11-21 08:55:46,215 [INFO] PluginManager:220 - loadIPPluginJar : add dma
2025-11-21 08:55:46,219 [INFO] IPUIPlugin:80 - create IPUIPlugin
2025-11-21 08:55:46,219 [INFO] PluginManager:220 - loadIPPluginJar : add fmc
2025-11-21 08:55:46,222 [INFO] IPUIPlugin:80 - create IPUIPlugin
2025-11-21 08:55:46,223 [INFO] PluginManager:220 - loadIPPluginJar : add i2s
2025-11-21 08:55:46,224 [INFO] IPUIPlugin:80 - create IPUIPlugin
2025-11-21 08:55:46,225 [INFO] PluginManager:220 - loadIPPluginJar : add ucpd
2025-11-21 08:55:46,229 [INFO] IPUIPlugin:80 - create IPUIPlugin
2025-11-21 08:55:46,229 [INFO] PluginManager:220 - loadIPPluginJar : add lorawan
2025-11-21 08:55:46,231 [INFO] IPUIPlugin:80 - create IPUIPlugin
2025-11-21 08:55:46,232 [INFO] PluginManager:220 - loadIPPluginJar : add opamp
2025-11-21 08:55:46,234 [INFO] IPUIPlugin:80 - create IPUIPlugin
2025-11-21 08:55:46,234 [INFO] PluginManager:220 - loadIPPluginJar : add i3c
2025-11-21 08:55:46,237 [INFO] IPUIPlugin:80 - create IPUIPlugin
2025-11-21 08:55:46,237 [INFO] PluginManager:220 - loadIPPluginJar : add touchsensing
2025-11-21 08:55:46,240 [INFO] IPUIPlugin:80 - create IPUIPlugin
2025-11-21 08:55:46,240 [INFO] PluginManager:220 - loadIPPluginJar : add i2c
2025-11-21 08:55:46,243 [INFO] IPUIPlugin:80 - create IPUIPlugin
2025-11-21 08:55:46,243 [INFO] PluginManager:220 - loadIPPluginJar : add resmgrutility
2025-11-21 08:55:46,245 [INFO] IPUIPlugin:80 - create IPUIPlugin
2025-11-21 08:55:46,245 [INFO] PluginManager:220 - loadIPPluginJar : add sai
2025-11-21 08:55:46,247 [INFO] IPUIPlugin:80 - create IPUIPlugin
2025-11-21 08:55:46,247 [INFO] PluginManager:220 - loadIPPluginJar : add usbx
2025-11-21 08:55:46,372 [FATAL] Updater:351 - Updater called before beeing initialized
2025-11-21 08:55:46,436 [INFO] RulesReader:64 - Compatibility file has been processed (317 Rules)
2025-11-21 08:55:46,462 [INFO] RulesReader:64 - Compatibility file has been processed (317 Rules)
2025-11-21 08:55:46,473 [INFO] CADModel:165 - CPN selected for project level
2025-11-21 08:55:46,474 [INFO] CADModel:114 - Register for checkConnection events
2025-11-21 08:55:46,474 [FATAL] Updater:351 - Updater called before beeing initialized
2025-11-21 08:55:46,474 [ERROR] CADModel:125 - Updater not yet initialized, retry later 
2025-11-21 08:55:46,944 [FATAL] Updater:351 - Updater called before beeing initialized
2025-11-21 08:55:46,947 [INFO] CADModel:165 - CPN selected for project level
2025-11-21 08:55:46,947 [INFO] CADModel:114 - Register for checkConnection events
2025-11-21 08:55:46,947 [FATAL] Updater:351 - Updater called before beeing initialized
2025-11-21 08:55:46,947 [ERROR] CADModel:125 - Updater not yet initialized, retry later 
2025-11-21 08:55:46,951 [FATAL] Updater:351 - Updater called before beeing initialized
2025-11-21 08:55:47,193 [ERROR] ConfigurationRetriever:142 - IOException on connection: Connect timed out
2025-11-21 08:55:47,202 [FATAL] Updater:351 - Updater called before beeing initialized
2025-11-21 08:55:47,210 [INFO] DbMcusAds:53 - JSON generation date=Mon Nov 10 17:43:01 WIB 2025 (1762771381096)
2025-11-21 08:55:47,213 [FATAL] Updater:351 - Updater called before beeing initialized
2025-11-21 08:55:47,303 [WARN] DetailPanel:346 - Failed to get advertising image, set to default
2025-11-21 08:55:47,823 [FATAL] Updater:351 - Updater called before beeing initialized
2025-11-21 08:55:47,861 [FATAL] Updater:351 - Updater called before beeing initialized
2025-11-21 08:55:47,863 [FATAL] Updater:351 - Updater called before beeing initialized
2025-11-21 08:55:47,867 [WARN] DetailPanel:346 - Failed to get advertising image, set to default
2025-11-21 08:55:47,950 [FATAL] Updater:351 - Updater called before beeing initialized
2025-11-21 08:55:48,385 [INFO] ThirdPartyUpdaterWithRetryManager:70 - Updater plugin not ready yet. [2/15]
2025-11-21 08:55:48,451 [ERROR] Updater:1198 - MainUpdater not yet initialized. External WinMGr cannot be set.
2025-11-21 08:55:48,475 [INFO] Updater:1134 - Updater Version found : 6.15.0
2025-11-21 08:55:48,506 [INFO] ApplicationProperties:184 - Using Application install path: /Applications/STM32CubeIDE.app/Contents/Eclipse/plugins/com.st.stm32cube.common.mx_6.15.0.202507011659
2025-11-21 08:55:49,485 [ERROR] ConfigurationRetriever:142 - IOException on connection: Connect timed out
2025-11-21 08:55:51,395 [FATAL] Updater:351 - Updater called before beeing initialized
2025-11-21 08:55:51,400 [ERROR] IntegrityCheckThread:130 - Cannot retrieve database content from updater: error 21
2025-11-21 08:55:51,401 [INFO] ThirdParty:978 - Integrity check success = false
2025-11-21 08:55:51,401 [INFO] IntegrityCheckThread:100 - exiting critical section [integrity check]
2025-11-21 08:55:51,401 [INFO] IntegrityCheckThread:103 - End integrity checks thread
2025-11-21 08:55:52,561 [ERROR] ConfigurationRetriever:142 - IOException on connection: Connect timed out
2025-11-21 08:55:54,641 [INFO] MainUpdater:2872 - connection check result : 10
2025-11-21 08:55:54,647 [INFO] MainUpdater:289 - Updater Check For Update Now.
2025-11-21 08:55:54,649 [INFO] MicroXplorer:498 - Change Database Version : DB.6.0.150
2025-11-21 08:55:54,695 [INFO] McuFinderGlobals:63 - Set McuFinder mode to 2 (CubeIDE integrated)
2025-11-21 08:55:54,699 [INFO] UserAuth:487 - Internet connection configuration mode: 1
2025-11-21 08:55:54,750 [INFO] JxBrowserEngine:152 - Initiate JxBrowser Engine with user profile folder
2025-11-21 08:55:55,051 [INFO] CheckServerUpdateThread:120 - End of CheckServer Thread
2025-11-21 08:55:55,355 [ERROR] ConfigurationRetriever:142 - IOException on connection: Read timed out
2025-11-21 08:55:58,352 [ERROR] ConfigurationRetriever:142 - IOException on connection: Read timed out
2025-11-21 08:56:01,450 [INFO] WebApp:169 - Instantiating new browser for Auth
2025-11-21 08:56:02,350 [ERROR] AdobePublisher:187 - Exception while getting the server answer: java.net.SocketTimeoutException: Read timed out
2025-11-21 08:56:03,713 [INFO] WebApp:463 - Apply proxy settings
2025-11-21 08:56:03,734 [INFO] WebApp:508 - Chromium authenticates against Manually configured proxy
2025-11-21 08:56:03,781 [INFO] WebApp:516 - Username used for proxy authentication: 
2025-11-21 08:56:03,856 [INFO] WebApp:900 - Register for checkConnection events
2025-11-21 08:56:03,857 [INFO] WebApp:463 - Apply proxy settings
2025-11-21 08:56:03,859 [INFO] WebApp:508 - Chromium authenticates against Manually configured proxy
2025-11-21 08:56:03,860 [INFO] WebApp:516 - Username used for proxy authentication: 
2025-11-21 08:56:04,149 [INFO] WebApp:225 - Starting web application
2025-11-21 08:56:04,150 [INFO] WebApp:593 - Web application path used /Applications/STM32CubeIDE.app/Contents/Eclipse/plugins/com.st.stm32cube.common.mx_6.15.0.202507011659/db/plugins/mcufinder/reactClient1/index.html
2025-11-21 08:56:05,031 [INFO] UserAuth:487 - Internet connection configuration mode: 1
2025-11-21 08:56:08,023 [INFO] WebApp:191 - Connection restablished
2025-11-21 10:26:15,646 [INFO] WebApp:194 - Connection lost
2025-11-21 10:26:22,025 [INFO] WebApp:191 - Connection restablished
2025-11-21 10:53:43,544 [INFO] WebApp:194 - Connection lost
2025-11-21 11:03:01,950 [INFO] WebApp:191 - Connection restablished
2025-11-21 11:12:04,017 [INFO] WebApp:194 - Connection lost
2025-11-21 11:12:09,427 [INFO] WebApp:191 - Connection restablished
2025-11-21 11:21:12,877 [INFO] WebApp:194 - Connection lost
2025-11-21 11:21:18,989 [INFO] WebApp:191 - Connection restablished
2025-11-21 11:30:21,961 [INFO] WebApp:194 - Connection lost
2025-11-21 11:30:24,874 [INFO] WebApp:191 - Connection restablished
2025-11-21 11:39:31,123 [INFO] WebApp:194 - Connection lost
2025-11-21 11:39:36,464 [INFO] WebApp:191 - Connection restablished
2025-11-21 11:48:40,101 [INFO] WebApp:194 - Connection lost
2025-11-21 11:48:45,501 [INFO] WebApp:191 - Connection restablished
2025-11-21 11:57:48,996 [INFO] WebApp:194 - Connection lost
2025-11-21 11:57:55,240 [INFO] WebApp:191 - Connection restablished
2025-11-21 12:06:58,008 [INFO] WebApp:194 - Connection lost
2025-11-21 12:07:03,198 [INFO] WebApp:191 - Connection restablished
2025-11-21 12:16:06,944 [INFO] WebApp:194 - Connection lost
2025-11-21 12:16:10,759 [INFO] WebApp:191 - Connection restablished
2025-11-21 12:25:15,912 [INFO] WebApp:194 - Connection lost
2025-11-21 12:25:19,882 [INFO] WebApp:191 - Connection restablished
2025-11-21 12:34:25,243 [INFO] WebApp:194 - Connection lost
2025-11-21 12:34:33,689 [INFO] WebApp:191 - Connection restablished
2025-11-21 12:43:34,924 [INFO] WebApp:194 - Connection lost
2025-11-21 12:43:42,872 [INFO] WebApp:191 - Connection restablished
2025-11-21 12:52:21,084 [INFO] WebApp:194 - Connection lost
2025-11-21 12:52:26,851 [INFO] WebApp:191 - Connection restablished
2025-11-21 13:01:29,792 [INFO] WebApp:194 - Connection lost
2025-11-21 13:01:33,520 [INFO] WebApp:191 - Connection restablished
2025-11-21 13:10:38,627 [INFO] WebApp:194 - Connection lost
2025-11-21 13:10:45,064 [INFO] WebApp:191 - Connection restablished
2025-11-21 13:18:43,338 [INFO] WebApp:194 - Connection lost
2025-11-21 13:18:48,255 [INFO] WebApp:191 - Connection restablished
2025-11-21 13:33:51,329 [INFO] WebApp:194 - Connection lost
2025-11-21 13:34:02,203 [INFO] WebApp:191 - Connection restablished
2025-11-21 13:34:25,832 [INFO] WebApp:194 - Connection lost
2025-11-21 13:34:28,260 [INFO] WebApp:191 - Connection restablished
2025-11-21 14:55:26,488 [INFO] WebApp:194 - Connection lost
2025-11-21 14:55:42,943 [INFO] WebApp:191 - Connection restablished
2025-11-21 15:59:56,455 [INFO] WebApp:194 - Connection lost
2025-11-21 16:01:19,002 [INFO] WebApp:191 - Connection restablished
2025-11-21 17:44:18,238 [INFO] WebApp:194 - Connection lost
2025-11-21 17:44:25,337 [INFO] WebApp:191 - Connection restablished
2025-11-21 17:47:24,344 [INFO] WebApp:194 - Connection lost
2025-11-21 17:47:25,136 [INFO] WebApp:191 - Connection restablished
2025-11-21 17:52:15,719 [ERROR] LogOutputStream:75 - [STDERR_REDIRECT] 
